TN:
SF:src/config/database.ts
FNF:0
FNH:0
DA:1,3
DA:3,3
DA:5,3
LF:3
LH:3
BRF:0
BRH:0
end_of_record
TN:
SF:src/config/passport.ts
FN:16,(anonymous_1)
FN:41,(anonymous_2)
FNF:2
FNH:1
FNDA:2,(anonymous_1)
FNDA:0,(anonymous_2)
DA:1,1
DA:2,1
DA:3,1
DA:4,1
DA:5,1
DA:9,1
DA:17,2
DA:19,2
DA:20,1
DA:22,1
DA:23,1
DA:25,0
DA:32,1
DA:34,1
DA:39,1
DA:42,0
DA:44,0
DA:46,0
DA:47,0
DA:50,0
DA:52,0
DA:57,1
LF:22
LH:15
BRDA:22,0,0,1
BRDA:22,0,1,0
BRDA:32,1,0,1
BRDA:32,1,1,0
BRDA:46,2,0,0
BRDA:46,2,1,0
BRF:6
BRH:2
end_of_record
TN:
SF:src/config/swagger.ts
FNF:0
FNH:0
DA:1,1
DA:3,1
DA:21,1
DA:22,1
LF:4
LH:4
BRF:0
BRH:0
end_of_record
TN:
SF:src/controllers/auth.controller.ts
FN:11,(anonymous_1)
FN:38,(anonymous_2)
FN:69,(anonymous_3)
FN:93,(anonymous_4)
FN:126,(anonymous_5)
FN:145,(anonymous_6)
FNF:6
FNH:2
FNDA:4,(anonymous_1)
FNDA:1,(anonymous_2)
FNDA:0,(anonymous_3)
FNDA:0,(anonymous_4)
FNDA:0,(anonymous_5)
FNDA:0,(anonymous_6)
DA:2,1
DA:3,1
DA:4,1
DA:5,1
DA:11,1
DA:16,4
DA:17,4
DA:19,4
DA:21,3
DA:27,1
DA:28,1
DA:30,0
DA:38,1
DA:43,1
DA:45,1
DA:48,1
DA:50,1
DA:61,0
DA:69,1
DA:74,0
DA:75,0
DA:77,0
DA:82,0
DA:83,0
DA:85,0
DA:93,1
DA:98,0
DA:99,0
DA:101,0
DA:107,0
DA:112,0
DA:113,0
DA:115,0
DA:116,0
DA:118,0
DA:126,1
DA:131,0
DA:132,0
DA:137,0
DA:145,1
DA:150,0
DA:151,0
DA:153,0
DA:155,0
DA:160,0
LF:45
LH:20
BRDA:27,0,0,1
BRDA:27,0,1,0
BRDA:82,1,0,0
BRDA:82,1,1,0
BRDA:112,2,0,0
BRDA:112,2,1,0
BRDA:115,3,0,0
BRDA:115,3,1,0
BRF:8
BRH:1
end_of_record
TN:
SF:src/controllers/parts.controller.ts
FN:5,(anonymous_1)
FN:28,(anonymous_2)
FN:42,(anonymous_3)
FN:60,(anonymous_4)
FN:83,(anonymous_5)
FN:98,(anonymous_6)
FNF:6
FNH:0
FNDA:0,(anonymous_1)
FNDA:0,(anonymous_2)
FNDA:0,(anonymous_3)
FNDA:0,(anonymous_4)
FNDA:0,(anonymous_5)
FNDA:0,(anonymous_6)
DA:2,1
DA:3,1
DA:5,1
DA:6,0
DA:7,0
DA:9,0
DA:14,0
DA:21,0
DA:22,0
DA:24,0
DA:28,1
DA:29,0
DA:30,0
DA:31,0
DA:32,0
DA:34,0
DA:35,0
DA:36,0
DA:38,0
DA:42,1
DA:43,0
DA:44,0
DA:45,0
DA:47,0
DA:52,0
DA:53,0
DA:54,0
DA:56,0
DA:60,1
DA:61,0
DA:62,0
DA:63,0
DA:64,0
DA:66,0
DA:71,0
DA:72,0
DA:73,0
DA:75,0
DA:76,0
DA:77,0
DA:79,0
DA:83,1
DA:84,0
DA:85,0
DA:86,0
DA:88,0
DA:90,0
DA:91,0
DA:92,0
DA:94,0
DA:98,1
DA:99,0
DA:100,0
DA:101,0
DA:103,0
LF:55
LH:8
BRDA:34,0,0,0
BRDA:34,0,1,0
BRDA:52,1,0,0
BRDA:52,1,1,0
BRDA:52,2,0,0
BRDA:52,2,1,0
BRDA:71,3,0,0
BRDA:71,3,1,0
BRDA:75,4,0,0
BRDA:75,4,1,0
BRDA:75,5,0,0
BRDA:75,5,1,0
BRDA:90,6,0,0
BRDA:90,6,1,0
BRF:14
BRH:0
end_of_record
TN:
SF:src/middleware/auth.ts
FN:10,(anonymous_1)
FN:18,(anonymous_2)
FN:53,(anonymous_3)
FN:61,(anonymous_4)
FN:95,(anonymous_5)
FN:96,(anonymous_6)
FNF:6
FNH:2
FNDA:0,(anonymous_1)
FNDA:0,(anonymous_2)
FNDA:2,(anonymous_3)
FNDA:2,(anonymous_4)
FNDA:0,(anonymous_5)
FNDA:0,(anonymous_6)
DA:2,1
DA:3,1
DA:4,1
DA:5,1
DA:10,1
DA:15,0
DA:20,0
DA:21,0
DA:22,0
DA:26,0
DA:27,0
DA:33,0
DA:37,0
DA:38,0
DA:40,0
DA:45,0
DA:53,1
DA:58,2
DA:63,2
DA:64,0
DA:65,0
DA:69,2
DA:70,1
DA:74,1
DA:80,1
DA:82,1
DA:87,1
DA:95,1
DA:96,0
DA:97,0
DA:98,0
DA:101,0
LF:32
LH:15
BRDA:20,0,0,0
BRDA:20,0,1,0
BRDA:26,1,0,0
BRDA:26,1,1,0
BRDA:31,2,0,0
BRDA:31,2,1,0
BRDA:63,3,0,0
BRDA:63,3,1,2
BRDA:69,4,0,1
BRDA:69,4,1,1
BRDA:75,5,0,1
BRDA:75,5,1,0
BRDA:97,6,0,0
BRDA:97,6,1,0
BRF:14
BRH:4
end_of_record
TN:
SF:src/middleware/errorHandler.ts
FN:8,(anonymous_0)
FN:33,(anonymous_1)
FN:107,(anonymous_2)
FNF:3
FNH:1
FNDA:3,(anonymous_0)
FNDA:0,(anonymous_1)
FNDA:0,(anonymous_2)
DA:2,1
DA:3,1
DA:4,1
DA:5,1
DA:6,1
DA:8,1
DA:14,3
DA:21,3
DA:22,3
DA:26,3
DA:30,0
DA:31,0
DA:33,0
DA:38,0
DA:42,0
DA:44,0
DA:45,0
DA:46,0
DA:50,0
DA:54,0
DA:55,0
DA:59,0
DA:63,0
DA:64,0
DA:68,0
DA:73,0
DA:74,0
DA:78,0
DA:82,0
DA:83,0
DA:87,0
DA:90,0
DA:91,0
DA:95,0
DA:99,0
DA:107,1
DA:108,0
LF:37
LH:11
BRDA:21,0,0,3
BRDA:21,0,1,0
BRDA:30,1,0,0
BRDA:30,1,1,0
BRDA:42,2,0,0
BRDA:42,2,1,0
BRDA:44,3,0,0
BRDA:44,3,1,0
BRDA:45,4,0,0
BRDA:45,4,1,0
BRDA:54,5,0,0
BRDA:54,5,1,0
BRDA:63,6,0,0
BRDA:63,6,1,0
BRDA:73,7,0,0
BRDA:73,7,1,0
BRDA:82,8,0,0
BRDA:82,8,1,0
BRDA:90,9,0,0
BRDA:90,9,1,0
BRDA:101,10,0,0
BRDA:101,10,1,0
BRDA:102,11,0,0
BRDA:102,11,1,0
BRF:24
BRH:1
end_of_record
TN:
SF:src/middleware/rateLimiter.ts
FN:12,(anonymous_0)
FN:17,(anonymous_1)
FN:44,(anonymous_2)
FN:46,(anonymous_3)
FNF:4
FNH:2
FNDA:1,(anonymous_0)
FNDA:7,(anonymous_1)
FNDA:0,(anonymous_2)
FNDA:0,(anonymous_3)
DA:10,1
DA:12,1
DA:17,1
DA:18,7
DA:19,7
DA:21,7
DA:22,1
DA:26,1
DA:27,1
DA:30,6
DA:31,0
DA:35,0
DA:38,6
DA:39,6
DA:44,1
DA:45,0
DA:46,0
DA:47,0
DA:48,0
LF:19
LH:13
BRDA:18,0,0,7
BRDA:18,0,1,0
BRDA:21,1,0,1
BRDA:21,1,1,6
BRDA:21,2,0,7
BRDA:21,2,1,6
BRDA:30,3,0,0
BRDA:30,3,1,6
BRDA:32,4,0,0
BRDA:32,4,1,0
BRDA:47,5,0,0
BRDA:47,5,1,0
BRF:12
BRH:6
end_of_record
TN:
SF:src/middleware/requestLogger.ts
FN:4,(anonymous_0)
FN:7,(anonymous_1)
FNF:2
FNH:0
FNDA:0,(anonymous_0)
FNDA:0,(anonymous_1)
DA:2,1
DA:4,1
DA:5,0
DA:7,0
DA:8,0
DA:9,0
DA:11,0
DA:12,0
DA:13,0
DA:14,0
DA:16,0
DA:20,0
LF:12
LH:2
BRDA:11,0,0,0
BRDA:11,0,1,0
BRDA:13,1,0,0
BRDA:13,1,1,0
BRF:4
BRH:0
end_of_record
TN:
SF:src/middleware/validation.ts
FN:5,(anonymous_0)
FN:6,(anonymous_1)
FN:26,(anonymous_2)
FN:27,(anonymous_3)
FN:43,(anonymous_4)
FN:44,(anonymous_5)
FN:60,(anonymous_6)
FN:61,(anonymous_7)
FNF:8
FNH:2
FNDA:0,(anonymous_0)
FNDA:0,(anonymous_1)
FNDA:3,(anonymous_2)
FNDA:7,(anonymous_3)
FNDA:0,(anonymous_4)
FNDA:0,(anonymous_5)
FNDA:0,(anonymous_6)
FNDA:0,(anonymous_7)
DA:2,1
DA:3,1
DA:5,1
DA:6,0
DA:7,0
DA:8,0
DA:13,0
DA:15,0
DA:16,0
DA:17,0
DA:19,0
DA:26,1
DA:27,3
DA:28,7
DA:29,7
DA:30,6
DA:32,1
DA:33,1
DA:34,1
DA:36,0
DA:43,1
DA:44,0
DA:45,0
DA:46,0
DA:47,0
DA:49,0
DA:50,0
DA:51,0
DA:53,0
DA:60,1
DA:61,0
DA:62,0
DA:63,0
DA:64,0
DA:65,0
DA:67,0
DA:68,0
DA:69,0
DA:71,0
LF:39
LH:13
BRDA:15,0,0,0
BRDA:15,0,1,0
BRDA:32,1,0,1
BRDA:32,1,1,0
BRDA:49,2,0,0
BRDA:49,2,1,0
BRDA:67,3,0,0
BRDA:67,3,1,0
BRF:8
BRH:1
end_of_record
TN:
SF:src/repositories/parts.repository.ts
FN:17,(anonymous_1)
FN:52,(anonymous_2)
FN:58,(anonymous_3)
FN:74,(anonymous_4)
FN:81,(anonymous_5)
FN:87,(anonymous_6)
FN:94,(anonymous_7)
FN:114,(anonymous_8)
FN:121,(anonymous_9)
FN:126,(anonymous_10)
FNF:10
FNH:0
FNDA:0,(anonymous_1)
FNDA:0,(anonymous_2)
FNDA:0,(anonymous_3)
FNDA:0,(anonymous_4)
FNDA:0,(anonymous_5)
FNDA:0,(anonymous_6)
FNDA:0,(anonymous_7)
FNDA:0,(anonymous_8)
FNDA:0,(anonymous_9)
FNDA:0,(anonymous_10)
DA:1,2
DA:16,2
DA:21,0
DA:22,0
DA:25,0
DA:27,0
DA:28,0
DA:34,0
DA:35,0
DA:39,0
DA:49,0
DA:53,0
DA:66,0
DA:75,0
DA:82,0
DA:88,0
DA:91,0
DA:95,0
DA:110,0
DA:114,0
DA:122,0
DA:126,0
DA:130,2
LF:23
LH:3
BRDA:27,0,0,0
BRDA:27,0,1,0
BRDA:34,1,0,0
BRDA:34,1,1,0
BRDA:69,2,0,0
BRDA:69,2,1,0
BRDA:112,3,0,0
BRDA:112,3,1,0
BRF:8
BRH:0
end_of_record
TN:
SF:src/repositories/user.repository.ts
FN:5,(anonymous_1)
FN:11,(anonymous_2)
FN:17,(anonymous_3)
FN:29,(anonymous_4)
FN:45,(anonymous_5)
FN:52,(anonymous_6)
FN:59,(anonymous_7)
FNF:7
FNH:3
FNDA:4,(anonymous_1)
FNDA:0,(anonymous_2)
FNDA:0,(anonymous_3)
FNDA:4,(anonymous_4)
FNDA:6,(anonymous_5)
FNDA:0,(anonymous_6)
FNDA:0,(anonymous_7)
DA:1,3
DA:4,3
DA:6,4
DA:12,0
DA:18,0
DA:34,4
DA:46,6
DA:49,6
DA:53,0
DA:60,0
DA:66,3
LF:11
LH:7
BRF:0
BRH:0
end_of_record
TN:
SF:src/routes/auth.routes.ts
FNF:0
FNH:0
DA:1,1
DA:2,1
DA:10,1
DA:11,1
DA:12,1
DA:14,1
DA:20,1
DA:23,1
DA:35,1
DA:38,1
DA:41,1
DA:44,1
DA:46,1
LF:13
LH:13
BRF:0
BRH:0
end_of_record
TN:
SF:src/routes/parts.routes.ts
FNF:0
FNH:0
DA:1,1
DA:2,1
DA:10,1
DA:12,1
DA:15,1
DA:16,1
DA:19,1
DA:20,1
DA:21,1
DA:24,1
DA:26,1
LF:11
LH:11
BRF:0
BRH:0
end_of_record
TN:
SF:src/services/auth.service.ts
FN:7,(anonymous_1)
FN:29,(anonymous_2)
FN:45,(anonymous_3)
FN:59,(anonymous_4)
FN:67,(anonymous_5)
FNF:5
FNH:5
FNDA:6,(anonymous_1)
FNDA:5,(anonymous_2)
FNDA:2,(anonymous_3)
FNDA:2,(anonymous_4)
FNDA:2,(anonymous_5)
DA:1,2
DA:2,2
DA:3,2
DA:6,2
DA:13,6
DA:14,6
DA:15,2
DA:19,4
DA:22,4
DA:31,5
DA:32,5
DA:33,2
DA:37,3
DA:38,3
DA:39,1
DA:42,2
DA:46,2
DA:51,2
DA:52,2
DA:56,2
DA:60,2
DA:61,2
DA:62,1
DA:64,1
DA:69,2
DA:70,2
DA:71,0
DA:75,2
DA:76,2
DA:77,1
DA:81,1
DA:84,1
DA:88,2
LF:33
LH:32
BRDA:14,0,0,2
BRDA:14,0,1,4
BRDA:32,1,0,2
BRDA:32,1,1,3
BRDA:38,2,0,1
BRDA:38,2,1,2
BRDA:51,3,0,2
BRDA:51,3,1,0
BRDA:53,4,0,2
BRDA:53,4,1,0
BRDA:61,5,0,1
BRDA:61,5,1,1
BRDA:70,6,0,0
BRDA:70,6,1,2
BRDA:76,7,0,1
BRDA:76,7,1,1
BRF:16
BRH:13
end_of_record
TN:
SF:src/services/parts.service.ts
FN:5,(anonymous_1)
FN:19,(anonymous_2)
FN:27,(anonymous_3)
FN:49,(anonymous_4)
FN:86,(anonymous_5)
FN:96,(anonymous_6)
FN:100,(anonymous_7)
FN:104,(anonymous_8)
FNF:8
FNH:3
FNDA:0,(anonymous_1)
FNDA:0,(anonymous_2)
FNDA:3,(anonymous_3)
FNDA:2,(anonymous_4)
FNDA:2,(anonymous_5)
FNDA:0,(anonymous_6)
FNDA:0,(anonymous_7)
FNDA:0,(anonymous_8)
DA:1,2
DA:4,2
DA:6,0
DA:8,0
DA:20,0
DA:21,0
DA:22,0
DA:24,0
DA:36,3
DA:37,1
DA:41,2
DA:42,1
DA:45,1
DA:46,1
DA:58,2
DA:59,2
DA:60,1
DA:64,1
DA:65,0
DA:69,1
DA:70,0
DA:74,1
DA:75,1
DA:76,1
DA:77,1
DA:78,1
DA:79,1
DA:80,1
DA:82,1
DA:83,1
DA:88,2
DA:89,2
DA:90,1
DA:93,1
DA:97,0
DA:101,0
DA:105,0
DA:106,0
DA:107,0
DA:110,0
DA:111,0
DA:112,0
DA:115,0
DA:119,2
LF:44
LH:27
BRDA:21,0,0,0
BRDA:21,0,1,0
BRDA:36,1,0,1
BRDA:36,1,1,2
BRDA:41,2,0,1
BRDA:41,2,1,1
BRDA:59,3,0,1
BRDA:59,3,1,1
BRDA:64,4,0,0
BRDA:64,4,1,1
BRDA:64,5,0,1
BRDA:64,5,1,1
BRDA:69,6,0,0
BRDA:69,6,1,1
BRDA:69,7,0,1
BRDA:69,7,1,1
BRDA:75,8,0,0
BRDA:75,8,1,1
BRDA:76,9,0,0
BRDA:76,9,1,1
BRDA:77,10,0,1
BRDA:77,10,1,0
BRDA:78,11,0,1
BRDA:78,11,1,0
BRDA:79,12,0,0
BRDA:79,12,1,1
BRDA:80,13,0,0
BRDA:80,13,1,1
BRDA:89,14,0,1
BRDA:89,14,1,1
BRDA:106,15,0,0
BRDA:106,15,1,0
BRDA:111,16,0,0
BRDA:111,16,1,0
BRF:34
BRH:20
end_of_record
TN:
SF:src/tests/setup.ts
FNF:0
FNH:0
DA:2,0
DA:3,0
DA:4,0
DA:5,0
DA:8,0
LF:5
LH:0
BRF:0
BRH:0
end_of_record
TN:
SF:src/tests/mocks/prisma.mock.ts
FN:28,(anonymous_0)
FNF:1
FNH:1
FNDA:1,(anonymous_0)
DA:1,1
DA:10,1
DA:21,1
DA:28,1
LF:4
LH:4
BRF:0
BRH:0
end_of_record
TN:
SF:src/types/index.ts
FN:76,(anonymous_0)
FN:88,(anonymous_1)
FN:95,(anonymous_2)
FN:102,(anonymous_3)
FN:109,(anonymous_4)
FNF:5
FNH:4
FNDA:3,(anonymous_0)
FNDA:1,(anonymous_1)
FNDA:0,(anonymous_2)
FNDA:1,(anonymous_3)
FNDA:1,(anonymous_4)
DA:75,1
DA:77,3
DA:78,3
DA:79,3
DA:81,3
DA:82,3
DA:83,3
DA:87,1
DA:89,1
DA:90,1
DA:94,1
DA:96,0
DA:97,0
DA:101,1
DA:103,1
DA:104,1
DA:108,1
DA:110,1
DA:111,1
LF:19
LH:17
BRDA:95,0,0,0
BRDA:102,1,0,0
BRF:2
BRH:0
end_of_record
TN:
SF:src/utils/asyncHandler.ts
FN:3,(anonymous_0)
FN:4,(anonymous_1)
FNF:2
FNH:0
FNDA:0,(anonymous_0)
FNDA:0,(anonymous_1)
DA:3,0
DA:4,0
DA:5,0
LF:3
LH:0
BRF:0
BRH:0
end_of_record
TN:
SF:src/utils/errorMessages.ts
FNF:0
FNH:0
DA:1,1
DA:22,1
LF:2
LH:2
BRF:0
BRH:0
end_of_record
TN:
SF:src/utils/logger.ts
FN:2,(anonymous_0)
FN:8,(anonymous_1)
FN:12,(anonymous_2)
FN:20,(anonymous_3)
FN:24,(anonymous_4)
FNF:5
FNH:4
FNDA:8,(anonymous_0)
FNDA:4,(anonymous_1)
FNDA:3,(anonymous_2)
FNDA:1,(anonymous_3)
FNDA:0,(anonymous_4)
DA:1,1
DA:3,8
DA:4,8
DA:5,8
DA:9,4
DA:13,3
DA:21,1
DA:25,0
DA:26,0
LF:9
LH:7
BRDA:4,0,0,5
BRDA:4,0,1,3
BRDA:25,1,0,0
BRDA:25,1,1,0
BRF:4
BRH:2
end_of_record
TN:
SF:src/utils/validation.ts
FNF:0
FNH:0
DA:1,1
DA:4,1
DA:10,1
DA:15,1
DA:21,1
DA:30,1
DA:39,1
DA:44,1
DA:54,1
LF:9
LH:9
BRF:0
BRH:0
end_of_record
