{"/home/mizanur/github-repo/interview-test-project/Flokq-indonesia/Flokq-home-assignment/src/config/database.ts": {"path":"/home/mizanur/github-repo/interview-test-project/Flokq-indonesia/Flokq-home-assignment/src/config/database.ts","statementMap":{"0":{"start":{"line":1,"column":0},"end":{"line":1,"column":46}},"1":{"start":{"line":3,"column":15},"end":{"line":3,"column":33}},"2":{"start":{"line":5,"column":0},"end":{"line":5,"column":22}}},"fnMap":{},"branchMap":{},"s":{"0":3,"1":3,"2":3},"f":{},"b":{}}
,"/home/mizanur/github-repo/interview-test-project/Flokq-indonesia/Flokq-home-assignment/src/config/passport.ts": {"path":"/home/mizanur/github-repo/interview-test-project/Flokq-indonesia/Flokq-home-assignment/src/config/passport.ts","statementMap":{"0":{"start":{"line":1,"column":0},"end":{"line":1,"column":32}},"1":{"start":{"line":2,"column":0},"end":{"line":2,"column":59}},"2":{"start":{"line":3,"column":0},"end":{"line":3,"column":84}},"3":{"start":{"line":4,"column":0},"end":{"line":4,"column":51}},"4":{"start":{"line":5,"column":0},"end":{"line":5,"column":61}},"5":{"start":{"line":9,"column":0},"end":{"line":29,"column":2}},"6":{"start":{"line":17,"column":12},"end":{"line":26,"column":13}},"7":{"start":{"line":19,"column":29},"end":{"line":19,"column":80}},"8":{"start":{"line":20,"column":16},"end":{"line":20,"column":40}},"9":{"start":{"line":22,"column":16},"end":{"line":24,"column":17}},"10":{"start":{"line":23,"column":20},"end":{"line":23,"column":87}},"11":{"start":{"line":25,"column":16},"end":{"line":25,"column":35}},"12":{"start":{"line":32,"column":18},"end":{"line":32,"column":64}},"13":{"start":{"line":34,"column":36},"end":{"line":37,"column":2}},"14":{"start":{"line":39,"column":0},"end":{"line":55,"column":2}},"15":{"start":{"line":42,"column":8},"end":{"line":53,"column":9}},"16":{"start":{"line":44,"column":25},"end":{"line":44,"column":85}},"17":{"start":{"line":46,"column":12},"end":{"line":48,"column":13}},"18":{"start":{"line":47,"column":16},"end":{"line":47,"column":41}},"19":{"start":{"line":50,"column":12},"end":{"line":50,"column":36}},"20":{"start":{"line":52,"column":12},"end":{"line":52,"column":38}},"21":{"start":{"line":57,"column":0},"end":{"line":57,"column":24}}},"fnMap":{"0":{"name":"(anonymous_1)","decl":{"start":{"line":16,"column":8},"end":{"line":16,"column":13}},"loc":{"start":{"line":16,"column":40},"end":{"line":27,"column":9}}},"1":{"name":"(anonymous_2)","decl":{"start":{"line":41,"column":32},"end":{"line":41,"column":37}},"loc":{"start":{"line":41,"column":68},"end":{"line":54,"column":5}}}},"branchMap":{"0":{"loc":{"start":{"line":22,"column":16},"end":{"line":24,"column":17}},"type":"if","locations":[{"start":{"line":22,"column":16},"end":{"line":24,"column":17}},{"start":{},"end":{}}]},"1":{"loc":{"start":{"line":32,"column":18},"end":{"line":32,"column":64}},"type":"binary-expr","locations":[{"start":{"line":32,"column":18},"end":{"line":32,"column":40}},{"start":{"line":32,"column":44},"end":{"line":32,"column":64}}]},"2":{"loc":{"start":{"line":46,"column":12},"end":{"line":48,"column":13}},"type":"if","locations":[{"start":{"line":46,"column":12},"end":{"line":48,"column":13}},{"start":{},"end":{}}]}},"s":{"0":1,"1":1,"2":1,"3":1,"4":1,"5":1,"6":2,"7":2,"8":1,"9":1,"10":1,"11":0,"12":1,"13":1,"14":1,"15":0,"16":0,"17":0,"18":0,"19":0,"20":0,"21":1},"f":{"0":2,"1":0},"b":{"0":[1,0],"1":[1,0],"2":[0,0]}}
,"/home/mizanur/github-repo/interview-test-project/Flokq-indonesia/Flokq-home-assignment/src/config/swagger.ts": {"path":"/home/mizanur/github-repo/interview-test-project/Flokq-indonesia/Flokq-home-assignment/src/config/swagger.ts","statementMap":{"0":{"start":{"line":1,"column":0},"end":{"line":1,"column":41}},"1":{"start":{"line":3,"column":16},"end":{"line":19,"column":2}},"2":{"start":{"line":21,"column":20},"end":{"line":21,"column":41}},"3":{"start":{"line":22,"column":0},"end":{"line":22,"column":27}}},"fnMap":{},"branchMap":{},"s":{"0":1,"1":1,"2":1,"3":1},"f":{},"b":{}}
,"/home/mizanur/github-repo/interview-test-project/Flokq-indonesia/Flokq-home-assignment/src/controllers/auth.controller.ts": {"path":"/home/mizanur/github-repo/interview-test-project/Flokq-indonesia/Flokq-home-assignment/src/controllers/auth.controller.ts","statementMap":{"0":{"start":{"line":2,"column":0},"end":{"line":2,"column":51}},"1":{"start":{"line":3,"column":0},"end":{"line":3,"column":75}},"2":{"start":{"line":4,"column":0},"end":{"line":4,"column":60}},"3":{"start":{"line":5,"column":0},"end":{"line":5,"column":72}},"4":{"start":{"line":11,"column":24},"end":{"line":32,"column":1}},"5":{"start":{"line":16,"column":4},"end":{"line":31,"column":5}},"6":{"start":{"line":17,"column":30},"end":{"line":17,"column":60}},"7":{"start":{"line":19,"column":21},"end":{"line":19,"column":66}},"8":{"start":{"line":21,"column":8},"end":{"line":25,"column":11}},"9":{"start":{"line":27,"column":8},"end":{"line":29,"column":9}},"10":{"start":{"line":28,"column":12},"end":{"line":28,"column":79}},"11":{"start":{"line":30,"column":8},"end":{"line":30,"column":20}},"12":{"start":{"line":11,"column":13},"end":{"line":11,"column":24}},"13":{"start":{"line":38,"column":21},"end":{"line":63,"column":1}},"14":{"start":{"line":43,"column":4},"end":{"line":62,"column":5}},"15":{"start":{"line":45,"column":21},"end":{"line":45,"column":30}},"16":{"start":{"line":48,"column":22},"end":{"line":48,"column":68}},"17":{"start":{"line":50,"column":8},"end":{"line":59,"column":11}},"18":{"start":{"line":61,"column":8},"end":{"line":61,"column":20}},"19":{"start":{"line":38,"column":13},"end":{"line":38,"column":21}},"20":{"start":{"line":69,"column":26},"end":{"line":87,"column":1}},"21":{"start":{"line":74,"column":4},"end":{"line":86,"column":5}},"22":{"start":{"line":75,"column":21},"end":{"line":75,"column":66}},"23":{"start":{"line":77,"column":8},"end":{"line":80,"column":11}},"24":{"start":{"line":82,"column":8},"end":{"line":84,"column":9}},"25":{"start":{"line":83,"column":12},"end":{"line":83,"column":77}},"26":{"start":{"line":85,"column":8},"end":{"line":85,"column":20}},"27":{"start":{"line":69,"column":13},"end":{"line":69,"column":26}},"28":{"start":{"line":93,"column":30},"end":{"line":120,"column":1}},"29":{"start":{"line":98,"column":4},"end":{"line":119,"column":5}},"30":{"start":{"line":99,"column":30},"end":{"line":99,"column":66}},"31":{"start":{"line":101,"column":8},"end":{"line":105,"column":10}},"32":{"start":{"line":107,"column":8},"end":{"line":110,"column":11}},"33":{"start":{"line":112,"column":8},"end":{"line":114,"column":9}},"34":{"start":{"line":113,"column":12},"end":{"line":113,"column":83}},"35":{"start":{"line":115,"column":8},"end":{"line":117,"column":9}},"36":{"start":{"line":116,"column":12},"end":{"line":116,"column":77}},"37":{"start":{"line":118,"column":8},"end":{"line":118,"column":20}},"38":{"start":{"line":93,"column":13},"end":{"line":93,"column":30}},"39":{"start":{"line":126,"column":22},"end":{"line":139,"column":1}},"40":{"start":{"line":131,"column":4},"end":{"line":138,"column":5}},"41":{"start":{"line":132,"column":8},"end":{"line":135,"column":11}},"42":{"start":{"line":137,"column":8},"end":{"line":137,"column":20}},"43":{"start":{"line":126,"column":13},"end":{"line":126,"column":22}},"44":{"start":{"line":145,"column":28},"end":{"line":162,"column":1}},"45":{"start":{"line":150,"column":4},"end":{"line":161,"column":5}},"46":{"start":{"line":151,"column":21},"end":{"line":151,"column":30}},"47":{"start":{"line":153,"column":22},"end":{"line":153,"column":68}},"48":{"start":{"line":155,"column":8},"end":{"line":158,"column":11}},"49":{"start":{"line":160,"column":8},"end":{"line":160,"column":20}},"50":{"start":{"line":145,"column":13},"end":{"line":145,"column":28}}},"fnMap":{"0":{"name":"(anonymous_1)","decl":{"start":{"line":11,"column":24},"end":{"line":11,"column":29}},"loc":{"start":{"line":15,"column":19},"end":{"line":32,"column":1}}},"1":{"name":"(anonymous_2)","decl":{"start":{"line":38,"column":21},"end":{"line":38,"column":26}},"loc":{"start":{"line":42,"column":19},"end":{"line":63,"column":1}}},"2":{"name":"(anonymous_3)","decl":{"start":{"line":69,"column":26},"end":{"line":69,"column":31}},"loc":{"start":{"line":73,"column":19},"end":{"line":87,"column":1}}},"3":{"name":"(anonymous_4)","decl":{"start":{"line":93,"column":30},"end":{"line":93,"column":35}},"loc":{"start":{"line":97,"column":19},"end":{"line":120,"column":1}}},"4":{"name":"(anonymous_5)","decl":{"start":{"line":126,"column":22},"end":{"line":126,"column":27}},"loc":{"start":{"line":130,"column":19},"end":{"line":139,"column":1}}},"5":{"name":"(anonymous_6)","decl":{"start":{"line":145,"column":28},"end":{"line":145,"column":33}},"loc":{"start":{"line":149,"column":19},"end":{"line":162,"column":1}}}},"branchMap":{"0":{"loc":{"start":{"line":27,"column":8},"end":{"line":29,"column":9}},"type":"if","locations":[{"start":{"line":27,"column":8},"end":{"line":29,"column":9}},{"start":{},"end":{}}]},"1":{"loc":{"start":{"line":82,"column":8},"end":{"line":84,"column":9}},"type":"if","locations":[{"start":{"line":82,"column":8},"end":{"line":84,"column":9}},{"start":{},"end":{}}]},"2":{"loc":{"start":{"line":112,"column":8},"end":{"line":114,"column":9}},"type":"if","locations":[{"start":{"line":112,"column":8},"end":{"line":114,"column":9}},{"start":{},"end":{}}]},"3":{"loc":{"start":{"line":115,"column":8},"end":{"line":117,"column":9}},"type":"if","locations":[{"start":{"line":115,"column":8},"end":{"line":117,"column":9}},{"start":{},"end":{}}]}},"s":{"0":1,"1":1,"2":1,"3":1,"4":1,"5":4,"6":4,"7":4,"8":3,"9":1,"10":1,"11":0,"12":1,"13":1,"14":1,"15":1,"16":1,"17":1,"18":0,"19":1,"20":1,"21":0,"22":0,"23":0,"24":0,"25":0,"26":0,"27":1,"28":1,"29":0,"30":0,"31":0,"32":0,"33":0,"34":0,"35":0,"36":0,"37":0,"38":1,"39":1,"40":0,"41":0,"42":0,"43":1,"44":1,"45":0,"46":0,"47":0,"48":0,"49":0,"50":1},"f":{"0":4,"1":1,"2":0,"3":0,"4":0,"5":0},"b":{"0":[1,0],"1":[0,0],"2":[0,0],"3":[0,0]}}
,"/home/mizanur/github-repo/interview-test-project/Flokq-indonesia/Flokq-home-assignment/src/controllers/parts.controller.ts": {"path":"/home/mizanur/github-repo/interview-test-project/Flokq-indonesia/Flokq-home-assignment/src/controllers/parts.controller.ts","statementMap":{"0":{"start":{"line":2,"column":0},"end":{"line":2,"column":52}},"1":{"start":{"line":3,"column":0},"end":{"line":3,"column":91}},"2":{"start":{"line":5,"column":27},"end":{"line":26,"column":1}},"3":{"start":{"line":6,"column":4},"end":{"line":25,"column":5}},"4":{"start":{"line":7,"column":22},"end":{"line":7,"column":55}},"5":{"start":{"line":9,"column":24},"end":{"line":12,"column":10}},"6":{"start":{"line":14,"column":27},"end":{"line":19,"column":10}},"7":{"start":{"line":21,"column":23},"end":{"line":21,"column":73}},"8":{"start":{"line":22,"column":8},"end":{"line":22,"column":25}},"9":{"start":{"line":24,"column":8},"end":{"line":24,"column":20}},"10":{"start":{"line":5,"column":13},"end":{"line":5,"column":27}},"11":{"start":{"line":28,"column":27},"end":{"line":40,"column":1}},"12":{"start":{"line":29,"column":4},"end":{"line":39,"column":5}},"13":{"start":{"line":30,"column":19},"end":{"line":30,"column":42}},"14":{"start":{"line":31,"column":21},"end":{"line":31,"column":54}},"15":{"start":{"line":32,"column":8},"end":{"line":32,"column":27}},"16":{"start":{"line":34,"column":8},"end":{"line":37,"column":9}},"17":{"start":{"line":35,"column":12},"end":{"line":35,"column":62}},"18":{"start":{"line":36,"column":12},"end":{"line":36,"column":19}},"19":{"start":{"line":38,"column":8},"end":{"line":38,"column":20}},"20":{"start":{"line":28,"column":13},"end":{"line":28,"column":27}},"21":{"start":{"line":42,"column":26},"end":{"line":58,"column":1}},"22":{"start":{"line":43,"column":4},"end":{"line":57,"column":5}},"23":{"start":{"line":44,"column":30},"end":{"line":44,"column":62}},"24":{"start":{"line":45,"column":21},"end":{"line":45,"column":64}},"25":{"start":{"line":47,"column":8},"end":{"line":50,"column":11}},"26":{"start":{"line":52,"column":8},"end":{"line":55,"column":9}},"27":{"start":{"line":53,"column":12},"end":{"line":53,"column":59}},"28":{"start":{"line":54,"column":12},"end":{"line":54,"column":19}},"29":{"start":{"line":56,"column":8},"end":{"line":56,"column":20}},"30":{"start":{"line":42,"column":13},"end":{"line":42,"column":26}},"31":{"start":{"line":60,"column":26},"end":{"line":81,"column":1}},"32":{"start":{"line":61,"column":4},"end":{"line":80,"column":5}},"33":{"start":{"line":62,"column":19},"end":{"line":62,"column":42}},"34":{"start":{"line":63,"column":30},"end":{"line":63,"column":62}},"35":{"start":{"line":64,"column":21},"end":{"line":64,"column":68}},"36":{"start":{"line":66,"column":8},"end":{"line":69,"column":11}},"37":{"start":{"line":71,"column":8},"end":{"line":74,"column":9}},"38":{"start":{"line":72,"column":12},"end":{"line":72,"column":62}},"39":{"start":{"line":73,"column":12},"end":{"line":73,"column":19}},"40":{"start":{"line":75,"column":8},"end":{"line":78,"column":9}},"41":{"start":{"line":76,"column":12},"end":{"line":76,"column":59}},"42":{"start":{"line":77,"column":12},"end":{"line":77,"column":19}},"43":{"start":{"line":79,"column":8},"end":{"line":79,"column":20}},"44":{"start":{"line":60,"column":13},"end":{"line":60,"column":26}},"45":{"start":{"line":83,"column":26},"end":{"line":96,"column":1}},"46":{"start":{"line":84,"column":4},"end":{"line":95,"column":5}},"47":{"start":{"line":85,"column":19},"end":{"line":85,"column":42}},"48":{"start":{"line":86,"column":8},"end":{"line":86,"column":41}},"49":{"start":{"line":88,"column":8},"end":{"line":88,"column":59}},"50":{"start":{"line":90,"column":8},"end":{"line":93,"column":9}},"51":{"start":{"line":91,"column":12},"end":{"line":91,"column":62}},"52":{"start":{"line":92,"column":12},"end":{"line":92,"column":19}},"53":{"start":{"line":94,"column":8},"end":{"line":94,"column":20}},"54":{"start":{"line":83,"column":13},"end":{"line":83,"column":26}},"55":{"start":{"line":98,"column":28},"end":{"line":105,"column":1}},"56":{"start":{"line":99,"column":4},"end":{"line":104,"column":5}},"57":{"start":{"line":100,"column":26},"end":{"line":100,"column":58}},"58":{"start":{"line":101,"column":8},"end":{"line":101,"column":28}},"59":{"start":{"line":103,"column":8},"end":{"line":103,"column":20}},"60":{"start":{"line":98,"column":13},"end":{"line":98,"column":28}}},"fnMap":{"0":{"name":"(anonymous_1)","decl":{"start":{"line":5,"column":27},"end":{"line":5,"column":32}},"loc":{"start":{"line":5,"column":100},"end":{"line":26,"column":1}}},"1":{"name":"(anonymous_2)","decl":{"start":{"line":28,"column":27},"end":{"line":28,"column":32}},"loc":{"start":{"line":28,"column":100},"end":{"line":40,"column":1}}},"2":{"name":"(anonymous_3)","decl":{"start":{"line":42,"column":26},"end":{"line":42,"column":31}},"loc":{"start":{"line":42,"column":99},"end":{"line":58,"column":1}}},"3":{"name":"(anonymous_4)","decl":{"start":{"line":60,"column":26},"end":{"line":60,"column":31}},"loc":{"start":{"line":60,"column":99},"end":{"line":81,"column":1}}},"4":{"name":"(anonymous_5)","decl":{"start":{"line":83,"column":26},"end":{"line":83,"column":31}},"loc":{"start":{"line":83,"column":99},"end":{"line":96,"column":1}}},"5":{"name":"(anonymous_6)","decl":{"start":{"line":98,"column":28},"end":{"line":98,"column":33}},"loc":{"start":{"line":98,"column":101},"end":{"line":105,"column":1}}}},"branchMap":{"0":{"loc":{"start":{"line":34,"column":8},"end":{"line":37,"column":9}},"type":"if","locations":[{"start":{"line":34,"column":8},"end":{"line":37,"column":9}},{"start":{},"end":{}}]},"1":{"loc":{"start":{"line":52,"column":8},"end":{"line":55,"column":9}},"type":"if","locations":[{"start":{"line":52,"column":8},"end":{"line":55,"column":9}},{"start":{},"end":{}}]},"2":{"loc":{"start":{"line":52,"column":12},"end":{"line":52,"column":82}},"type":"binary-expr","locations":[{"start":{"line":52,"column":12},"end":{"line":52,"column":45}},{"start":{"line":52,"column":49},"end":{"line":52,"column":82}}]},"3":{"loc":{"start":{"line":71,"column":8},"end":{"line":74,"column":9}},"type":"if","locations":[{"start":{"line":71,"column":8},"end":{"line":74,"column":9}},{"start":{},"end":{}}]},"4":{"loc":{"start":{"line":75,"column":8},"end":{"line":78,"column":9}},"type":"if","locations":[{"start":{"line":75,"column":8},"end":{"line":78,"column":9}},{"start":{},"end":{}}]},"5":{"loc":{"start":{"line":75,"column":12},"end":{"line":75,"column":82}},"type":"binary-expr","locations":[{"start":{"line":75,"column":12},"end":{"line":75,"column":45}},{"start":{"line":75,"column":49},"end":{"line":75,"column":82}}]},"6":{"loc":{"start":{"line":90,"column":8},"end":{"line":93,"column":9}},"type":"if","locations":[{"start":{"line":90,"column":8},"end":{"line":93,"column":9}},{"start":{},"end":{}}]}},"s":{"0":1,"1":1,"2":1,"3":0,"4":0,"5":0,"6":0,"7":0,"8":0,"9":0,"10":1,"11":1,"12":0,"13":0,"14":0,"15":0,"16":0,"17":0,"18":0,"19":0,"20":1,"21":1,"22":0,"23":0,"24":0,"25":0,"26":0,"27":0,"28":0,"29":0,"30":1,"31":1,"32":0,"33":0,"34":0,"35":0,"36":0,"37":0,"38":0,"39":0,"40":0,"41":0,"42":0,"43":0,"44":1,"45":1,"46":0,"47":0,"48":0,"49":0,"50":0,"51":0,"52":0,"53":0,"54":1,"55":1,"56":0,"57":0,"58":0,"59":0,"60":1},"f":{"0":0,"1":0,"2":0,"3":0,"4":0,"5":0},"b":{"0":[0,0],"1":[0,0],"2":[0,0],"3":[0,0],"4":[0,0],"5":[0,0],"6":[0,0]}}
,"/home/mizanur/github-repo/interview-test-project/Flokq-indonesia/Flokq-home-assignment/src/middleware/auth.ts": {"path":"/home/mizanur/github-repo/interview-test-project/Flokq-indonesia/Flokq-home-assignment/src/middleware/auth.ts","statementMap":{"0":{"start":{"line":2,"column":0},"end":{"line":2,"column":32}},"1":{"start":{"line":3,"column":0},"end":{"line":3,"column":45}},"2":{"start":{"line":4,"column":0},"end":{"line":4,"column":41}},"3":{"start":{"line":5,"column":0},"end":{"line":5,"column":55}},"4":{"start":{"line":10,"column":23},"end":{"line":48,"column":1}},"5":{"start":{"line":15,"column":4},"end":{"line":47,"column":22}},"6":{"start":{"line":20,"column":12},"end":{"line":23,"column":13}},"7":{"start":{"line":21,"column":16},"end":{"line":21,"column":62}},"8":{"start":{"line":22,"column":16},"end":{"line":22,"column":33}},"9":{"start":{"line":26,"column":12},"end":{"line":34,"column":13}},"10":{"start":{"line":27,"column":16},"end":{"line":32,"column":19}},"11":{"start":{"line":33,"column":16},"end":{"line":33,"column":80}},"12":{"start":{"line":37,"column":12},"end":{"line":37,"column":33}},"13":{"start":{"line":38,"column":12},"end":{"line":38,"column":28}},"14":{"start":{"line":40,"column":12},"end":{"line":43,"column":15}},"15":{"start":{"line":45,"column":12},"end":{"line":45,"column":19}},"16":{"start":{"line":10,"column":13},"end":{"line":10,"column":23}},"17":{"start":{"line":53,"column":25},"end":{"line":90,"column":1}},"18":{"start":{"line":58,"column":4},"end":{"line":89,"column":22}},"19":{"start":{"line":63,"column":12},"end":{"line":66,"column":13}},"20":{"start":{"line":64,"column":16},"end":{"line":64,"column":64}},"21":{"start":{"line":65,"column":16},"end":{"line":65,"column":33}},"22":{"start":{"line":69,"column":12},"end":{"line":77,"column":13}},"23":{"start":{"line":70,"column":16},"end":{"line":73,"column":19}},"24":{"start":{"line":74,"column":16},"end":{"line":76,"column":18}},"25":{"start":{"line":80,"column":12},"end":{"line":80,"column":28}},"26":{"start":{"line":82,"column":12},"end":{"line":85,"column":15}},"27":{"start":{"line":87,"column":12},"end":{"line":87,"column":19}},"28":{"start":{"line":53,"column":13},"end":{"line":53,"column":25}},"29":{"start":{"line":95,"column":27},"end":{"line":103,"column":1}},"30":{"start":{"line":96,"column":4},"end":{"line":102,"column":6}},"31":{"start":{"line":97,"column":8},"end":{"line":99,"column":9}},"32":{"start":{"line":98,"column":12},"end":{"line":98,"column":75}},"33":{"start":{"line":101,"column":8},"end":{"line":101,"column":15}},"34":{"start":{"line":95,"column":13},"end":{"line":95,"column":27}}},"fnMap":{"0":{"name":"(anonymous_1)","decl":{"start":{"line":10,"column":23},"end":{"line":10,"column":null}},"loc":{"start":{"line":14,"column":10},"end":{"line":48,"column":1}}},"1":{"name":"(anonymous_2)","decl":{"start":{"line":18,"column":8},"end":{"line":18,"column":9}},"loc":{"start":{"line":18,"column":60},"end":{"line":46,"column":9}}},"2":{"name":"(anonymous_3)","decl":{"start":{"line":53,"column":25},"end":{"line":53,"column":null}},"loc":{"start":{"line":57,"column":10},"end":{"line":90,"column":1}}},"3":{"name":"(anonymous_4)","decl":{"start":{"line":61,"column":8},"end":{"line":61,"column":9}},"loc":{"start":{"line":61,"column":60},"end":{"line":88,"column":9}}},"4":{"name":"(anonymous_5)","decl":{"start":{"line":95,"column":27},"end":{"line":95,"column":28}},"loc":{"start":{"line":95,"column":57},"end":{"line":103,"column":1}}},"5":{"name":"(anonymous_6)","decl":{"start":{"line":96,"column":11},"end":{"line":96,"column":12}},"loc":{"start":{"line":96,"column":69},"end":{"line":102,"column":5}}}},"branchMap":{"0":{"loc":{"start":{"line":20,"column":12},"end":{"line":23,"column":13}},"type":"if","locations":[{"start":{"line":20,"column":12},"end":{"line":23,"column":13}},{"start":{},"end":{}}]},"1":{"loc":{"start":{"line":26,"column":12},"end":{"line":34,"column":13}},"type":"if","locations":[{"start":{"line":26,"column":12},"end":{"line":34,"column":13}},{"start":{},"end":{}}]},"2":{"loc":{"start":{"line":31,"column":28},"end":{"line":31,"column":60}},"type":"binary-expr","locations":[{"start":{"line":31,"column":28},"end":{"line":31,"column":41}},{"start":{"line":31,"column":45},"end":{"line":31,"column":60}}]},"3":{"loc":{"start":{"line":63,"column":12},"end":{"line":66,"column":13}},"type":"if","locations":[{"start":{"line":63,"column":12},"end":{"line":66,"column":13}},{"start":{},"end":{}}]},"4":{"loc":{"start":{"line":69,"column":12},"end":{"line":77,"column":13}},"type":"if","locations":[{"start":{"line":69,"column":12},"end":{"line":77,"column":13}},{"start":{},"end":{}}]},"5":{"loc":{"start":{"line":75,"column":42},"end":{"line":75,"column":92}},"type":"binary-expr","locations":[{"start":{"line":75,"column":42},"end":{"line":75,"column":55}},{"start":{"line":75,"column":59},"end":{"line":75,"column":92}}]},"6":{"loc":{"start":{"line":97,"column":8},"end":{"line":99,"column":9}},"type":"if","locations":[{"start":{"line":97,"column":8},"end":{"line":99,"column":9}},{"start":{},"end":{}}]}},"s":{"0":1,"1":1,"2":1,"3":1,"4":1,"5":0,"6":0,"7":0,"8":0,"9":0,"10":0,"11":0,"12":0,"13":0,"14":0,"15":0,"16":1,"17":1,"18":2,"19":2,"20":0,"21":0,"22":2,"23":1,"24":1,"25":1,"26":1,"27":1,"28":1,"29":1,"30":0,"31":0,"32":0,"33":0,"34":1},"f":{"0":0,"1":0,"2":2,"3":2,"4":0,"5":0},"b":{"0":[0,0],"1":[0,0],"2":[0,0],"3":[0,2],"4":[1,1],"5":[1,0],"6":[0,0]}}
,"/home/mizanur/github-repo/interview-test-project/Flokq-indonesia/Flokq-home-assignment/src/middleware/errorHandler.ts": {"path":"/home/mizanur/github-repo/interview-test-project/Flokq-indonesia/Flokq-home-assignment/src/middleware/errorHandler.ts","statementMap":{"0":{"start":{"line":2,"column":0},"end":{"line":2,"column":31}},"1":{"start":{"line":3,"column":0},"end":{"line":3,"column":40}},"2":{"start":{"line":4,"column":0},"end":{"line":4,"column":36}},"3":{"start":{"line":5,"column":0},"end":{"line":5,"column":41}},"4":{"start":{"line":6,"column":0},"end":{"line":6,"column":55}},"5":{"start":{"line":8,"column":28},"end":{"line":104,"column":1}},"6":{"start":{"line":14,"column":4},"end":{"line":18,"column":7}},"7":{"start":{"line":21,"column":4},"end":{"line":27,"column":5}},"8":{"start":{"line":22,"column":8},"end":{"line":25,"column":11}},"9":{"start":{"line":26,"column":8},"end":{"line":26,"column":15}},"10":{"start":{"line":30,"column":4},"end":{"line":39,"column":5}},"11":{"start":{"line":31,"column":8},"end":{"line":37,"column":11}},"12":{"start":{"line":33,"column":48},"end":{"line":36,"column":14}},"13":{"start":{"line":38,"column":8},"end":{"line":38,"column":15}},"14":{"start":{"line":42,"column":4},"end":{"line":70,"column":5}},"15":{"start":{"line":44,"column":8},"end":{"line":51,"column":9}},"16":{"start":{"line":45,"column":27},"end":{"line":45,"column":81}},"17":{"start":{"line":46,"column":12},"end":{"line":49,"column":15}},"18":{"start":{"line":50,"column":12},"end":{"line":50,"column":19}},"19":{"start":{"line":54,"column":8},"end":{"line":60,"column":9}},"20":{"start":{"line":55,"column":12},"end":{"line":58,"column":15}},"21":{"start":{"line":59,"column":12},"end":{"line":59,"column":19}},"22":{"start":{"line":63,"column":8},"end":{"line":69,"column":9}},"23":{"start":{"line":64,"column":12},"end":{"line":67,"column":15}},"24":{"start":{"line":68,"column":12},"end":{"line":68,"column":19}},"25":{"start":{"line":73,"column":4},"end":{"line":79,"column":5}},"26":{"start":{"line":74,"column":8},"end":{"line":77,"column":11}},"27":{"start":{"line":78,"column":8},"end":{"line":78,"column":15}},"28":{"start":{"line":82,"column":4},"end":{"line":88,"column":5}},"29":{"start":{"line":83,"column":8},"end":{"line":86,"column":11}},"30":{"start":{"line":87,"column":8},"end":{"line":87,"column":15}},"31":{"start":{"line":90,"column":4},"end":{"line":96,"column":5}},"32":{"start":{"line":91,"column":8},"end":{"line":94,"column":11}},"33":{"start":{"line":95,"column":8},"end":{"line":95,"column":15}},"34":{"start":{"line":99,"column":4},"end":{"line":103,"column":7}},"35":{"start":{"line":8,"column":13},"end":{"line":8,"column":28}},"36":{"start":{"line":107,"column":31},"end":{"line":112,"column":1}},"37":{"start":{"line":108,"column":4},"end":{"line":111,"column":7}},"38":{"start":{"line":107,"column":13},"end":{"line":107,"column":31}}},"fnMap":{"0":{"name":"(anonymous_0)","decl":{"start":{"line":8,"column":28},"end":{"line":8,"column":null}},"loc":{"start":{"line":13,"column":10},"end":{"line":104,"column":1}}},"1":{"name":"(anonymous_1)","decl":{"start":{"line":33,"column":38},"end":{"line":33,"column":39}},"loc":{"start":{"line":33,"column":48},"end":{"line":36,"column":14}}},"2":{"name":"(anonymous_2)","decl":{"start":{"line":107,"column":31},"end":{"line":107,"column":32}},"loc":{"start":{"line":107,"column":69},"end":{"line":112,"column":1}}}},"branchMap":{"0":{"loc":{"start":{"line":21,"column":4},"end":{"line":27,"column":5}},"type":"if","locations":[{"start":{"line":21,"column":4},"end":{"line":27,"column":5}},{"start":{},"end":{}}]},"1":{"loc":{"start":{"line":30,"column":4},"end":{"line":39,"column":5}},"type":"if","locations":[{"start":{"line":30,"column":4},"end":{"line":39,"column":5}},{"start":{},"end":{}}]},"2":{"loc":{"start":{"line":42,"column":4},"end":{"line":70,"column":5}},"type":"if","locations":[{"start":{"line":42,"column":4},"end":{"line":70,"column":5}},{"start":{},"end":{}}]},"3":{"loc":{"start":{"line":44,"column":8},"end":{"line":51,"column":9}},"type":"if","locations":[{"start":{"line":44,"column":8},"end":{"line":51,"column":9}},{"start":{},"end":{}}]},"4":{"loc":{"start":{"line":45,"column":27},"end":{"line":45,"column":81}},"type":"binary-expr","locations":[{"start":{"line":45,"column":27},"end":{"line":45,"column":70}},{"start":{"line":45,"column":74},"end":{"line":45,"column":81}}]},"5":{"loc":{"start":{"line":54,"column":8},"end":{"line":60,"column":9}},"type":"if","locations":[{"start":{"line":54,"column":8},"end":{"line":60,"column":9}},{"start":{},"end":{}}]},"6":{"loc":{"start":{"line":63,"column":8},"end":{"line":69,"column":9}},"type":"if","locations":[{"start":{"line":63,"column":8},"end":{"line":69,"column":9}},{"start":{},"end":{}}]},"7":{"loc":{"start":{"line":73,"column":4},"end":{"line":79,"column":5}},"type":"if","locations":[{"start":{"line":73,"column":4},"end":{"line":79,"column":5}},{"start":{},"end":{}}]},"8":{"loc":{"start":{"line":82,"column":4},"end":{"line":88,"column":5}},"type":"if","locations":[{"start":{"line":82,"column":4},"end":{"line":88,"column":5}},{"start":{},"end":{}}]},"9":{"loc":{"start":{"line":90,"column":4},"end":{"line":96,"column":5}},"type":"if","locations":[{"start":{"line":90,"column":4},"end":{"line":96,"column":5}},{"start":{},"end":{}}]},"10":{"loc":{"start":{"line":101,"column":17},"end":{"line":101,"column":83}},"type":"cond-expr","locations":[{"start":{"line":101,"column":58},"end":{"line":101,"column":71}},{"start":{"line":101,"column":74},"end":{"line":101,"column":83}}]},"11":{"loc":{"start":{"line":102,"column":15},"end":{"line":102,"column":79}},"type":"cond-expr","locations":[{"start":{"line":102,"column":56},"end":{"line":102,"column":67}},{"start":{"line":102,"column":70},"end":{"line":102,"column":79}}]}},"s":{"0":1,"1":1,"2":1,"3":1,"4":1,"5":1,"6":3,"7":3,"8":3,"9":3,"10":0,"11":0,"12":0,"13":0,"14":0,"15":0,"16":0,"17":0,"18":0,"19":0,"20":0,"21":0,"22":0,"23":0,"24":0,"25":0,"26":0,"27":0,"28":0,"29":0,"30":0,"31":0,"32":0,"33":0,"34":0,"35":1,"36":1,"37":0,"38":1},"f":{"0":3,"1":0,"2":0},"b":{"0":[3,0],"1":[0,0],"2":[0,0],"3":[0,0],"4":[0,0],"5":[0,0],"6":[0,0],"7":[0,0],"8":[0,0],"9":[0,0],"10":[0,0],"11":[0,0]}}
,"/home/mizanur/github-repo/interview-test-project/Flokq-indonesia/Flokq-home-assignment/src/middleware/rateLimiter.ts": {"path":"/home/mizanur/github-repo/interview-test-project/Flokq-indonesia/Flokq-home-assignment/src/middleware/rateLimiter.ts","statementMap":{"0":{"start":{"line":10,"column":30},"end":{"line":10,"column":32}},"1":{"start":{"line":12,"column":25},"end":{"line":41,"column":1}},"2":{"start":{"line":17,"column":4},"end":{"line":40,"column":6}},"3":{"start":{"line":18,"column":20},"end":{"line":18,"column":39}},"4":{"start":{"line":19,"column":20},"end":{"line":19,"column":30}},"5":{"start":{"line":21,"column":8},"end":{"line":28,"column":9}},"6":{"start":{"line":22,"column":12},"end":{"line":25,"column":14}},"7":{"start":{"line":26,"column":12},"end":{"line":26,"column":19}},"8":{"start":{"line":27,"column":12},"end":{"line":27,"column":19}},"9":{"start":{"line":30,"column":8},"end":{"line":36,"column":9}},"10":{"start":{"line":31,"column":12},"end":{"line":34,"column":15}},"11":{"start":{"line":35,"column":12},"end":{"line":35,"column":19}},"12":{"start":{"line":38,"column":8},"end":{"line":38,"column":27}},"13":{"start":{"line":39,"column":8},"end":{"line":39,"column":15}},"14":{"start":{"line":12,"column":13},"end":{"line":12,"column":25}},"15":{"start":{"line":44,"column":0},"end":{"line":51,"column":10}},"16":{"start":{"line":45,"column":16},"end":{"line":45,"column":26}},"17":{"start":{"line":46,"column":4},"end":{"line":50,"column":7}},"18":{"start":{"line":47,"column":8},"end":{"line":49,"column":9}},"19":{"start":{"line":48,"column":12},"end":{"line":48,"column":30}}},"fnMap":{"0":{"name":"(anonymous_0)","decl":{"start":{"line":12,"column":25},"end":{"line":12,"column":26}},"loc":{"start":{"line":16,"column":5},"end":{"line":41,"column":1}}},"1":{"name":"(anonymous_1)","decl":{"start":{"line":17,"column":11},"end":{"line":17,"column":12}},"loc":{"start":{"line":17,"column":69},"end":{"line":40,"column":5}}},"2":{"name":"(anonymous_2)","decl":{"start":{"line":44,"column":12},"end":{"line":44,"column":15}},"loc":{"start":{"line":44,"column":17},"end":{"line":51,"column":1}}},"3":{"name":"(anonymous_3)","decl":{"start":{"line":46,"column":31},"end":{"line":46,"column":32}},"loc":{"start":{"line":46,"column":39},"end":{"line":50,"column":5}}}},"branchMap":{"0":{"loc":{"start":{"line":18,"column":20},"end":{"line":18,"column":39}},"type":"binary-expr","locations":[{"start":{"line":18,"column":20},"end":{"line":18,"column":26}},{"start":{"line":18,"column":30},"end":{"line":18,"column":39}}]},"1":{"loc":{"start":{"line":21,"column":8},"end":{"line":28,"column":9}},"type":"if","locations":[{"start":{"line":21,"column":8},"end":{"line":28,"column":9}},{"start":{},"end":{}}]},"2":{"loc":{"start":{"line":21,"column":12},"end":{"line":21,"column":53}},"type":"binary-expr","locations":[{"start":{"line":21,"column":12},"end":{"line":21,"column":23}},{"start":{"line":21,"column":27},"end":{"line":21,"column":53}}]},"3":{"loc":{"start":{"line":30,"column":8},"end":{"line":36,"column":9}},"type":"if","locations":[{"start":{"line":30,"column":8},"end":{"line":36,"column":9}},{"start":{},"end":{}}]},"4":{"loc":{"start":{"line":32,"column":23},"end":{"line":32,"column":85}},"type":"binary-expr","locations":[{"start":{"line":32,"column":23},"end":{"line":32,"column":38}},{"start":{"line":32,"column":42},"end":{"line":32,"column":85}}]},"5":{"loc":{"start":{"line":47,"column":8},"end":{"line":49,"column":9}},"type":"if","locations":[{"start":{"line":47,"column":8},"end":{"line":49,"column":9}},{"start":{},"end":{}}]}},"s":{"0":1,"1":1,"2":1,"3":7,"4":7,"5":7,"6":1,"7":1,"8":1,"9":6,"10":0,"11":0,"12":6,"13":6,"14":1,"15":1,"16":0,"17":0,"18":0,"19":0},"f":{"0":1,"1":7,"2":0,"3":0},"b":{"0":[7,0],"1":[1,6],"2":[7,6],"3":[0,6],"4":[0,0],"5":[0,0]}}
,"/home/mizanur/github-repo/interview-test-project/Flokq-indonesia/Flokq-home-assignment/src/middleware/requestLogger.ts": {"path":"/home/mizanur/github-repo/interview-test-project/Flokq-indonesia/Flokq-home-assignment/src/middleware/requestLogger.ts","statementMap":{"0":{"start":{"line":2,"column":0},"end":{"line":2,"column":41}},"1":{"start":{"line":4,"column":29},"end":{"line":21,"column":1}},"2":{"start":{"line":5,"column":18},"end":{"line":5,"column":28}},"3":{"start":{"line":7,"column":4},"end":{"line":18,"column":7}},"4":{"start":{"line":8,"column":25},"end":{"line":8,"column":43}},"5":{"start":{"line":9,"column":24},"end":{"line":9,"column":85}},"6":{"start":{"line":11,"column":8},"end":{"line":17,"column":9}},"7":{"start":{"line":12,"column":12},"end":{"line":12,"column":34}},"8":{"start":{"line":13,"column":15},"end":{"line":17,"column":9}},"9":{"start":{"line":14,"column":12},"end":{"line":14,"column":33}},"10":{"start":{"line":16,"column":12},"end":{"line":16,"column":33}},"11":{"start":{"line":20,"column":4},"end":{"line":20,"column":11}},"12":{"start":{"line":4,"column":13},"end":{"line":4,"column":29}}},"fnMap":{"0":{"name":"(anonymous_0)","decl":{"start":{"line":4,"column":29},"end":{"line":4,"column":30}},"loc":{"start":{"line":4,"column":87},"end":{"line":21,"column":1}}},"1":{"name":"(anonymous_1)","decl":{"start":{"line":7,"column":21},"end":{"line":7,"column":24}},"loc":{"start":{"line":7,"column":26},"end":{"line":18,"column":5}}}},"branchMap":{"0":{"loc":{"start":{"line":11,"column":8},"end":{"line":17,"column":9}},"type":"if","locations":[{"start":{"line":11,"column":8},"end":{"line":17,"column":9}},{"start":{"line":13,"column":15},"end":{"line":17,"column":9}}]},"1":{"loc":{"start":{"line":13,"column":15},"end":{"line":17,"column":9}},"type":"if","locations":[{"start":{"line":13,"column":15},"end":{"line":17,"column":9}},{"start":{"line":15,"column":15},"end":{"line":17,"column":9}}]}},"s":{"0":1,"1":1,"2":0,"3":0,"4":0,"5":0,"6":0,"7":0,"8":0,"9":0,"10":0,"11":0,"12":1},"f":{"0":0,"1":0},"b":{"0":[0,0],"1":[0,0]}}
,"/home/mizanur/github-repo/interview-test-project/Flokq-indonesia/Flokq-home-assignment/src/middleware/validation.ts": {"path":"/home/mizanur/github-repo/interview-test-project/Flokq-indonesia/Flokq-home-assignment/src/middleware/validation.ts","statementMap":{"0":{"start":{"line":2,"column":0},"end":{"line":2,"column":42}},"1":{"start":{"line":3,"column":0},"end":{"line":3,"column":43}},"2":{"start":{"line":5,"column":24},"end":{"line":23,"column":1}},"3":{"start":{"line":6,"column":4},"end":{"line":22,"column":6}},"4":{"start":{"line":7,"column":8},"end":{"line":21,"column":9}},"5":{"start":{"line":8,"column":12},"end":{"line":12,"column":15}},"6":{"start":{"line":13,"column":12},"end":{"line":13,"column":19}},"7":{"start":{"line":15,"column":12},"end":{"line":20,"column":13}},"8":{"start":{"line":16,"column":35},"end":{"line":16,"column":50}},"9":{"start":{"line":17,"column":16},"end":{"line":17,"column":62}},"10":{"start":{"line":19,"column":16},"end":{"line":19,"column":28}},"11":{"start":{"line":5,"column":13},"end":{"line":5,"column":24}},"12":{"start":{"line":26,"column":28},"end":{"line":40,"column":1}},"13":{"start":{"line":27,"column":4},"end":{"line":39,"column":6}},"14":{"start":{"line":28,"column":8},"end":{"line":38,"column":9}},"15":{"start":{"line":29,"column":12},"end":{"line":29,"column":57}},"16":{"start":{"line":30,"column":12},"end":{"line":30,"column":19}},"17":{"start":{"line":32,"column":12},"end":{"line":37,"column":13}},"18":{"start":{"line":33,"column":35},"end":{"line":33,"column":50}},"19":{"start":{"line":34,"column":16},"end":{"line":34,"column":62}},"20":{"start":{"line":36,"column":16},"end":{"line":36,"column":28}},"21":{"start":{"line":26,"column":13},"end":{"line":26,"column":28}},"22":{"start":{"line":43,"column":29},"end":{"line":57,"column":1}},"23":{"start":{"line":44,"column":4},"end":{"line":56,"column":6}},"24":{"start":{"line":45,"column":8},"end":{"line":55,"column":9}},"25":{"start":{"line":46,"column":12},"end":{"line":46,"column":66}},"26":{"start":{"line":47,"column":12},"end":{"line":47,"column":19}},"27":{"start":{"line":49,"column":12},"end":{"line":54,"column":13}},"28":{"start":{"line":50,"column":35},"end":{"line":50,"column":50}},"29":{"start":{"line":51,"column":16},"end":{"line":51,"column":62}},"30":{"start":{"line":53,"column":16},"end":{"line":53,"column":28}},"31":{"start":{"line":43,"column":13},"end":{"line":43,"column":29}},"32":{"start":{"line":60,"column":30},"end":{"line":75,"column":1}},"33":{"start":{"line":61,"column":4},"end":{"line":74,"column":6}},"34":{"start":{"line":62,"column":8},"end":{"line":73,"column":9}},"35":{"start":{"line":63,"column":30},"end":{"line":63,"column":65}},"36":{"start":{"line":64,"column":12},"end":{"line":64,"column":42}},"37":{"start":{"line":65,"column":12},"end":{"line":65,"column":19}},"38":{"start":{"line":67,"column":12},"end":{"line":72,"column":13}},"39":{"start":{"line":68,"column":35},"end":{"line":68,"column":50}},"40":{"start":{"line":69,"column":16},"end":{"line":69,"column":62}},"41":{"start":{"line":71,"column":16},"end":{"line":71,"column":28}},"42":{"start":{"line":60,"column":13},"end":{"line":60,"column":30}}},"fnMap":{"0":{"name":"(anonymous_0)","decl":{"start":{"line":5,"column":24},"end":{"line":5,"column":25}},"loc":{"start":{"line":5,"column":46},"end":{"line":23,"column":1}}},"1":{"name":"(anonymous_1)","decl":{"start":{"line":6,"column":11},"end":{"line":6,"column":16}},"loc":{"start":{"line":6,"column":69},"end":{"line":22,"column":5}}},"2":{"name":"(anonymous_2)","decl":{"start":{"line":26,"column":28},"end":{"line":26,"column":29}},"loc":{"start":{"line":26,"column":50},"end":{"line":40,"column":1}}},"3":{"name":"(anonymous_3)","decl":{"start":{"line":27,"column":11},"end":{"line":27,"column":16}},"loc":{"start":{"line":27,"column":69},"end":{"line":39,"column":5}}},"4":{"name":"(anonymous_4)","decl":{"start":{"line":43,"column":29},"end":{"line":43,"column":30}},"loc":{"start":{"line":43,"column":51},"end":{"line":57,"column":1}}},"5":{"name":"(anonymous_5)","decl":{"start":{"line":44,"column":11},"end":{"line":44,"column":16}},"loc":{"start":{"line":44,"column":69},"end":{"line":56,"column":5}}},"6":{"name":"(anonymous_6)","decl":{"start":{"line":60,"column":30},"end":{"line":60,"column":31}},"loc":{"start":{"line":60,"column":52},"end":{"line":75,"column":1}}},"7":{"name":"(anonymous_7)","decl":{"start":{"line":61,"column":11},"end":{"line":61,"column":16}},"loc":{"start":{"line":61,"column":69},"end":{"line":74,"column":5}}}},"branchMap":{"0":{"loc":{"start":{"line":15,"column":12},"end":{"line":20,"column":13}},"type":"if","locations":[{"start":{"line":15,"column":12},"end":{"line":20,"column":13}},{"start":{"line":18,"column":19},"end":{"line":20,"column":13}}]},"1":{"loc":{"start":{"line":32,"column":12},"end":{"line":37,"column":13}},"type":"if","locations":[{"start":{"line":32,"column":12},"end":{"line":37,"column":13}},{"start":{"line":35,"column":19},"end":{"line":37,"column":13}}]},"2":{"loc":{"start":{"line":49,"column":12},"end":{"line":54,"column":13}},"type":"if","locations":[{"start":{"line":49,"column":12},"end":{"line":54,"column":13}},{"start":{"line":52,"column":19},"end":{"line":54,"column":13}}]},"3":{"loc":{"start":{"line":67,"column":12},"end":{"line":72,"column":13}},"type":"if","locations":[{"start":{"line":67,"column":12},"end":{"line":72,"column":13}},{"start":{"line":70,"column":19},"end":{"line":72,"column":13}}]}},"s":{"0":1,"1":1,"2":1,"3":0,"4":0,"5":0,"6":0,"7":0,"8":0,"9":0,"10":0,"11":1,"12":1,"13":3,"14":7,"15":7,"16":6,"17":1,"18":1,"19":1,"20":0,"21":1,"22":1,"23":0,"24":0,"25":0,"26":0,"27":0,"28":0,"29":0,"30":0,"31":1,"32":1,"33":0,"34":0,"35":0,"36":0,"37":0,"38":0,"39":0,"40":0,"41":0,"42":1},"f":{"0":0,"1":0,"2":3,"3":7,"4":0,"5":0,"6":0,"7":0},"b":{"0":[0,0],"1":[1,0],"2":[0,0],"3":[0,0]}}
,"/home/mizanur/github-repo/interview-test-project/Flokq-indonesia/Flokq-home-assignment/src/repositories/parts.repository.ts": {"path":"/home/mizanur/github-repo/interview-test-project/Flokq-indonesia/Flokq-home-assignment/src/repositories/parts.repository.ts","statementMap":{"0":{"start":{"line":1,"column":0},"end":{"line":1,"column":40}},"1":{"start":{"line":21,"column":47},"end":{"line":21,"column":57}},"2":{"start":{"line":22,"column":21},"end":{"line":22,"column":39}},"3":{"start":{"line":25,"column":45},"end":{"line":25,"column":47}},"4":{"start":{"line":27,"column":8},"end":{"line":32,"column":9}},"5":{"start":{"line":28,"column":12},"end":{"line":31,"column":14}},"6":{"start":{"line":34,"column":8},"end":{"line":36,"column":9}},"7":{"start":{"line":35,"column":12},"end":{"line":35,"column":46}},"8":{"start":{"line":39,"column":31},"end":{"line":47,"column":10}},"9":{"start":{"line":49,"column":8},"end":{"line":49,"column":32}},"10":{"start":{"line":53,"column":8},"end":{"line":55,"column":11}},"11":{"start":{"line":66,"column":8},"end":{"line":71,"column":11}},"12":{"start":{"line":75,"column":8},"end":{"line":78,"column":11}},"13":{"start":{"line":82,"column":8},"end":{"line":84,"column":11}},"14":{"start":{"line":88,"column":22},"end":{"line":90,"column":10}},"15":{"start":{"line":91,"column":8},"end":{"line":91,"column":25}},"16":{"start":{"line":95,"column":53},"end":{"line":108,"column":10}},"17":{"start":{"line":110,"column":8},"end":{"line":118,"column":10}},"18":{"start":{"line":114,"column":56},"end":{"line":117,"column":14}},"19":{"start":{"line":122,"column":27},"end":{"line":125,"column":10}},"20":{"start":{"line":126,"column":8},"end":{"line":126,"column":49}},"21":{"start":{"line":126,"column":37},"end":{"line":126,"column":47}},"22":{"start":{"line":16,"column":0},"end":{"line":16,"column":13}},"23":{"start":{"line":130,"column":0},"end":{"line":130,"column":36}}},"fnMap":{"0":{"name":"(anonymous_1)","decl":{"start":{"line":17,"column":4},"end":{"line":17,"column":9}},"loc":{"start":{"line":19,"column":37},"end":{"line":50,"column":5}}},"1":{"name":"(anonymous_2)","decl":{"start":{"line":52,"column":4},"end":{"line":52,"column":9}},"loc":{"start":{"line":52,"column":29},"end":{"line":56,"column":5}}},"2":{"name":"(anonymous_3)","decl":{"start":{"line":58,"column":4},"end":{"line":58,"column":9}},"loc":{"start":{"line":65,"column":5},"end":{"line":72,"column":5}}},"3":{"name":"(anonymous_4)","decl":{"start":{"line":74,"column":4},"end":{"line":74,"column":9}},"loc":{"start":{"line":74,"column":38},"end":{"line":79,"column":5}}},"4":{"name":"(anonymous_5)","decl":{"start":{"line":81,"column":4},"end":{"line":81,"column":9}},"loc":{"start":{"line":81,"column":27},"end":{"line":85,"column":5}}},"5":{"name":"(anonymous_6)","decl":{"start":{"line":87,"column":4},"end":{"line":87,"column":9}},"loc":{"start":{"line":87,"column":31},"end":{"line":92,"column":5}}},"6":{"name":"(anonymous_7)","decl":{"start":{"line":94,"column":4},"end":{"line":94,"column":9}},"loc":{"start":{"line":94,"column":22},"end":{"line":119,"column":5}}},"7":{"name":"(anonymous_8)","decl":{"start":{"line":114,"column":46},"end":{"line":114,"column":47}},"loc":{"start":{"line":114,"column":56},"end":{"line":117,"column":14}}},"8":{"name":"(anonymous_9)","decl":{"start":{"line":121,"column":4},"end":{"line":121,"column":9}},"loc":{"start":{"line":121,"column":26},"end":{"line":127,"column":5}}},"9":{"name":"(anonymous_10)","decl":{"start":{"line":126,"column":30},"end":{"line":126,"column":31}},"loc":{"start":{"line":126,"column":37},"end":{"line":126,"column":47}}}},"branchMap":{"0":{"loc":{"start":{"line":27,"column":8},"end":{"line":32,"column":9}},"type":"if","locations":[{"start":{"line":27,"column":8},"end":{"line":32,"column":9}},{"start":{},"end":{}}]},"1":{"loc":{"start":{"line":34,"column":8},"end":{"line":36,"column":9}},"type":"if","locations":[{"start":{"line":34,"column":8},"end":{"line":36,"column":9}},{"start":{},"end":{}}]},"2":{"loc":{"start":{"line":69,"column":26},"end":{"line":69,"column":47}},"type":"binary-expr","locations":[{"start":{"line":69,"column":26},"end":{"line":69,"column":39}},{"start":{"line":69,"column":43},"end":{"line":69,"column":47}}]},"3":{"loc":{"start":{"line":112,"column":24},"end":{"line":112,"column":50}},"type":"binary-expr","locations":[{"start":{"line":112,"column":24},"end":{"line":112,"column":45}},{"start":{"line":112,"column":49},"end":{"line":112,"column":50}}]}},"s":{"0":2,"1":0,"2":0,"3":0,"4":0,"5":0,"6":0,"7":0,"8":0,"9":0,"10":0,"11":0,"12":0,"13":0,"14":0,"15":0,"16":0,"17":0,"18":0,"19":0,"20":0,"21":0,"22":2,"23":2},"f":{"0":0,"1":0,"2":0,"3":0,"4":0,"5":0,"6":0,"7":0,"8":0,"9":0},"b":{"0":[0,0],"1":[0,0],"2":[0,0],"3":[0,0]}}
,"/home/mizanur/github-repo/interview-test-project/Flokq-indonesia/Flokq-home-assignment/src/repositories/user.repository.ts": {"path":"/home/mizanur/github-repo/interview-test-project/Flokq-indonesia/Flokq-home-assignment/src/repositories/user.repository.ts","statementMap":{"0":{"start":{"line":1,"column":0},"end":{"line":1,"column":40}},"1":{"start":{"line":6,"column":4},"end":{"line":8,"column":7}},"2":{"start":{"line":12,"column":4},"end":{"line":14,"column":7}},"3":{"start":{"line":18,"column":4},"end":{"line":26,"column":7}},"4":{"start":{"line":34,"column":4},"end":{"line":42,"column":7}},"5":{"start":{"line":46,"column":18},"end":{"line":48,"column":6}},"6":{"start":{"line":49,"column":4},"end":{"line":49,"column":21}},"7":{"start":{"line":53,"column":4},"end":{"line":56,"column":7}},"8":{"start":{"line":60,"column":4},"end":{"line":62,"column":7}},"9":{"start":{"line":4,"column":0},"end":{"line":4,"column":13}},"10":{"start":{"line":66,"column":0},"end":{"line":66,"column":36}}},"fnMap":{"0":{"name":"(anonymous_1)","decl":{"start":{"line":5,"column":2},"end":{"line":5,"column":7}},"loc":{"start":{"line":5,"column":33},"end":{"line":9,"column":3}}},"1":{"name":"(anonymous_2)","decl":{"start":{"line":11,"column":2},"end":{"line":11,"column":7}},"loc":{"start":{"line":11,"column":27},"end":{"line":15,"column":3}}},"2":{"name":"(anonymous_3)","decl":{"start":{"line":17,"column":2},"end":{"line":17,"column":7}},"loc":{"start":{"line":17,"column":42},"end":{"line":27,"column":3}}},"3":{"name":"(anonymous_4)","decl":{"start":{"line":29,"column":2},"end":{"line":29,"column":7}},"loc":{"start":{"line":33,"column":3},"end":{"line":43,"column":3}}},"4":{"name":"(anonymous_5)","decl":{"start":{"line":45,"column":2},"end":{"line":45,"column":7}},"loc":{"start":{"line":45,"column":35},"end":{"line":50,"column":3}}},"5":{"name":"(anonymous_6)","decl":{"start":{"line":52,"column":2},"end":{"line":52,"column":7}},"loc":{"start":{"line":52,"column":62},"end":{"line":57,"column":3}}},"6":{"name":"(anonymous_7)","decl":{"start":{"line":59,"column":2},"end":{"line":59,"column":7}},"loc":{"start":{"line":59,"column":29},"end":{"line":63,"column":3}}}},"branchMap":{},"s":{"0":3,"1":4,"2":0,"3":0,"4":4,"5":6,"6":6,"7":0,"8":0,"9":3,"10":3},"f":{"0":4,"1":0,"2":0,"3":4,"4":6,"5":0,"6":0},"b":{}}
,"/home/mizanur/github-repo/interview-test-project/Flokq-indonesia/Flokq-home-assignment/src/routes/auth.routes.ts": {"path":"/home/mizanur/github-repo/interview-test-project/Flokq-indonesia/Flokq-home-assignment/src/routes/auth.routes.ts","statementMap":{"0":{"start":{"line":1,"column":0},"end":{"line":1,"column":33}},"1":{"start":{"line":2,"column":0},"end":{"line":2,"column":null}},"2":{"start":{"line":10,"column":0},"end":{"line":10,"column":56}},"3":{"start":{"line":11,"column":0},"end":{"line":11,"column":56}},"4":{"start":{"line":12,"column":0},"end":{"line":12,"column":88}},"5":{"start":{"line":14,"column":15},"end":{"line":14,"column":23}},"6":{"start":{"line":20,"column":0},"end":{"line":20,"column":65}},"7":{"start":{"line":23,"column":0},"end":{"line":23,"column":67}},"8":{"start":{"line":35,"column":0},"end":{"line":35,"column":44}},"9":{"start":{"line":38,"column":0},"end":{"line":38,"column":92}},"10":{"start":{"line":41,"column":0},"end":{"line":41,"column":40}},"11":{"start":{"line":44,"column":0},"end":{"line":44,"column":47}},"12":{"start":{"line":46,"column":0},"end":{"line":46,"column":22}}},"fnMap":{},"branchMap":{},"s":{"0":1,"1":1,"2":1,"3":1,"4":1,"5":1,"6":1,"7":1,"8":1,"9":1,"10":1,"11":1,"12":1},"f":{},"b":{}}
,"/home/mizanur/github-repo/interview-test-project/Flokq-indonesia/Flokq-home-assignment/src/routes/parts.routes.ts": {"path":"/home/mizanur/github-repo/interview-test-project/Flokq-indonesia/Flokq-home-assignment/src/routes/parts.routes.ts","statementMap":{"0":{"start":{"line":1,"column":0},"end":{"line":1,"column":33}},"1":{"start":{"line":2,"column":0},"end":{"line":2,"column":null}},"2":{"start":{"line":10,"column":0},"end":{"line":10,"column":45}},"3":{"start":{"line":12,"column":15},"end":{"line":12,"column":23}},"4":{"start":{"line":15,"column":0},"end":{"line":15,"column":29}},"5":{"start":{"line":16,"column":0},"end":{"line":16,"column":32}},"6":{"start":{"line":19,"column":0},"end":{"line":19,"column":38}},"7":{"start":{"line":20,"column":0},"end":{"line":20,"column":40}},"8":{"start":{"line":21,"column":0},"end":{"line":21,"column":43}},"9":{"start":{"line":24,"column":0},"end":{"line":24,"column":57}},"10":{"start":{"line":26,"column":0},"end":{"line":26,"column":22}}},"fnMap":{},"branchMap":{},"s":{"0":1,"1":1,"2":1,"3":1,"4":1,"5":1,"6":1,"7":1,"8":1,"9":1,"10":1},"f":{},"b":{}}
,"/home/mizanur/github-repo/interview-test-project/Flokq-indonesia/Flokq-home-assignment/src/services/auth.service.ts": {"path":"/home/mizanur/github-repo/interview-test-project/Flokq-indonesia/Flokq-home-assignment/src/services/auth.service.ts","statementMap":{"0":{"start":{"line":1,"column":0},"end":{"line":1,"column":30}},"1":{"start":{"line":2,"column":0},"end":{"line":2,"column":46}},"2":{"start":{"line":3,"column":0},"end":{"line":3,"column":61}},"3":{"start":{"line":13,"column":29},"end":{"line":13,"column":75}},"4":{"start":{"line":14,"column":8},"end":{"line":16,"column":9}},"5":{"start":{"line":15,"column":12},"end":{"line":15,"column":52}},"6":{"start":{"line":19,"column":31},"end":{"line":19,"column":67}},"7":{"start":{"line":22,"column":8},"end":{"line":26,"column":11}},"8":{"start":{"line":31,"column":21},"end":{"line":31,"column":60}},"9":{"start":{"line":32,"column":8},"end":{"line":34,"column":9}},"10":{"start":{"line":33,"column":12},"end":{"line":33,"column":51}},"11":{"start":{"line":37,"column":32},"end":{"line":37,"column":81}},"12":{"start":{"line":38,"column":8},"end":{"line":40,"column":9}},"13":{"start":{"line":39,"column":12},"end":{"line":39,"column":51}},"14":{"start":{"line":42,"column":8},"end":{"line":42,"column":20}},"15":{"start":{"line":46,"column":36},"end":{"line":49,"column":10}},"16":{"start":{"line":51,"column":23},"end":{"line":51,"column":69}},"17":{"start":{"line":52,"column":37},"end":{"line":54,"column":10}},"18":{"start":{"line":56,"column":8},"end":{"line":56,"column":50}},"19":{"start":{"line":60,"column":21},"end":{"line":60,"column":73}},"20":{"start":{"line":61,"column":8},"end":{"line":63,"column":9}},"21":{"start":{"line":62,"column":12},"end":{"line":62,"column":46}},"22":{"start":{"line":64,"column":8},"end":{"line":64,"column":20}},"23":{"start":{"line":69,"column":21},"end":{"line":69,"column":58}},"24":{"start":{"line":70,"column":8},"end":{"line":72,"column":9}},"25":{"start":{"line":71,"column":12},"end":{"line":71,"column":46}},"26":{"start":{"line":75,"column":32},"end":{"line":75,"column":84}},"27":{"start":{"line":76,"column":8},"end":{"line":78,"column":9}},"28":{"start":{"line":77,"column":12},"end":{"line":77,"column":52}},"29":{"start":{"line":81,"column":31},"end":{"line":81,"column":65}},"30":{"start":{"line":84,"column":8},"end":{"line":84,"column":68}},"31":{"start":{"line":6,"column":0},"end":{"line":6,"column":13}},"32":{"start":{"line":88,"column":0},"end":{"line":88,"column":33}}},"fnMap":{"0":{"name":"(anonymous_1)","decl":{"start":{"line":7,"column":4},"end":{"line":7,"column":9}},"loc":{"start":{"line":11,"column":5},"end":{"line":27,"column":5}}},"1":{"name":"(anonymous_2)","decl":{"start":{"line":29,"column":4},"end":{"line":29,"column":9}},"loc":{"start":{"line":29,"column":58},"end":{"line":43,"column":5}}},"2":{"name":"(anonymous_3)","decl":{"start":{"line":45,"column":4},"end":{"line":45,"column":17}},"loc":{"start":{"line":45,"column":47},"end":{"line":57,"column":5}}},"3":{"name":"(anonymous_4)","decl":{"start":{"line":59,"column":4},"end":{"line":59,"column":9}},"loc":{"start":{"line":59,"column":39},"end":{"line":65,"column":5}}},"4":{"name":"(anonymous_5)","decl":{"start":{"line":67,"column":4},"end":{"line":67,"column":9}},"loc":{"start":{"line":67,"column":81},"end":{"line":85,"column":5}}}},"branchMap":{"0":{"loc":{"start":{"line":14,"column":8},"end":{"line":16,"column":9}},"type":"if","locations":[{"start":{"line":14,"column":8},"end":{"line":16,"column":9}},{"start":{},"end":{}}]},"1":{"loc":{"start":{"line":32,"column":8},"end":{"line":34,"column":9}},"type":"if","locations":[{"start":{"line":32,"column":8},"end":{"line":34,"column":9}},{"start":{},"end":{}}]},"2":{"loc":{"start":{"line":38,"column":8},"end":{"line":40,"column":9}},"type":"if","locations":[{"start":{"line":38,"column":8},"end":{"line":40,"column":9}},{"start":{},"end":{}}]},"3":{"loc":{"start":{"line":51,"column":23},"end":{"line":51,"column":69}},"type":"binary-expr","locations":[{"start":{"line":51,"column":23},"end":{"line":51,"column":45}},{"start":{"line":51,"column":49},"end":{"line":51,"column":69}}]},"4":{"loc":{"start":{"line":53,"column":32},"end":{"line":53,"column":78}},"type":"binary-expr","locations":[{"start":{"line":53,"column":32},"end":{"line":53,"column":68}},{"start":{"line":53,"column":72},"end":{"line":53,"column":78}}]},"5":{"loc":{"start":{"line":61,"column":8},"end":{"line":63,"column":9}},"type":"if","locations":[{"start":{"line":61,"column":8},"end":{"line":63,"column":9}},{"start":{},"end":{}}]},"6":{"loc":{"start":{"line":70,"column":8},"end":{"line":72,"column":9}},"type":"if","locations":[{"start":{"line":70,"column":8},"end":{"line":72,"column":9}},{"start":{},"end":{}}]},"7":{"loc":{"start":{"line":76,"column":8},"end":{"line":78,"column":9}},"type":"if","locations":[{"start":{"line":76,"column":8},"end":{"line":78,"column":9}},{"start":{},"end":{}}]}},"s":{"0":2,"1":2,"2":2,"3":6,"4":6,"5":2,"6":4,"7":4,"8":5,"9":5,"10":2,"11":3,"12":3,"13":1,"14":2,"15":2,"16":2,"17":2,"18":2,"19":2,"20":2,"21":1,"22":1,"23":2,"24":2,"25":0,"26":2,"27":2,"28":1,"29":1,"30":1,"31":2,"32":2},"f":{"0":6,"1":5,"2":2,"3":2,"4":2},"b":{"0":[2,4],"1":[2,3],"2":[1,2],"3":[2,0],"4":[2,0],"5":[1,1],"6":[0,2],"7":[1,1]}}
,"/home/mizanur/github-repo/interview-test-project/Flokq-indonesia/Flokq-home-assignment/src/services/parts.service.ts": {"path":"/home/mizanur/github-repo/interview-test-project/Flokq-indonesia/Flokq-home-assignment/src/services/parts.service.ts","statementMap":{"0":{"start":{"line":1,"column":0},"end":{"line":1,"column":98}},"1":{"start":{"line":6,"column":33},"end":{"line":6,"column":82}},"2":{"start":{"line":8,"column":8},"end":{"line":16,"column":10}},"3":{"start":{"line":20,"column":21},"end":{"line":20,"column":54}},"4":{"start":{"line":21,"column":8},"end":{"line":23,"column":9}},"5":{"start":{"line":22,"column":12},"end":{"line":22,"column":46}},"6":{"start":{"line":24,"column":8},"end":{"line":24,"column":20}},"7":{"start":{"line":36,"column":8},"end":{"line":38,"column":9}},"8":{"start":{"line":37,"column":12},"end":{"line":37,"column":45}},"9":{"start":{"line":41,"column":8},"end":{"line":43,"column":9}},"10":{"start":{"line":42,"column":12},"end":{"line":42,"column":45}},"11":{"start":{"line":45,"column":21},"end":{"line":45,"column":54}},"12":{"start":{"line":46,"column":8},"end":{"line":46,"column":20}},"13":{"start":{"line":58,"column":23},"end":{"line":58,"column":58}},"14":{"start":{"line":59,"column":8},"end":{"line":61,"column":9}},"15":{"start":{"line":60,"column":12},"end":{"line":60,"column":46}},"16":{"start":{"line":64,"column":8},"end":{"line":66,"column":9}},"17":{"start":{"line":65,"column":12},"end":{"line":65,"column":45}},"18":{"start":{"line":69,"column":8},"end":{"line":71,"column":9}},"19":{"start":{"line":70,"column":12},"end":{"line":70,"column":45}},"20":{"start":{"line":74,"column":32},"end":{"line":74,"column":34}},"21":{"start":{"line":75,"column":8},"end":{"line":75,"column":65}},"22":{"start":{"line":75,"column":37},"end":{"line":75,"column":65}},"23":{"start":{"line":76,"column":8},"end":{"line":76,"column":68}},"24":{"start":{"line":76,"column":38},"end":{"line":76,"column":68}},"25":{"start":{"line":77,"column":8},"end":{"line":77,"column":68}},"26":{"start":{"line":77,"column":38},"end":{"line":77,"column":68}},"27":{"start":{"line":78,"column":8},"end":{"line":78,"column":68}},"28":{"start":{"line":78,"column":38},"end":{"line":78,"column":68}},"29":{"start":{"line":79,"column":8},"end":{"line":79,"column":77}},"30":{"start":{"line":79,"column":41},"end":{"line":79,"column":77}},"31":{"start":{"line":80,"column":8},"end":{"line":80,"column":77}},"32":{"start":{"line":80,"column":41},"end":{"line":80,"column":77}},"33":{"start":{"line":82,"column":21},"end":{"line":82,"column":64}},"34":{"start":{"line":83,"column":8},"end":{"line":83,"column":20}},"35":{"start":{"line":88,"column":23},"end":{"line":88,"column":58}},"36":{"start":{"line":89,"column":8},"end":{"line":91,"column":9}},"37":{"start":{"line":90,"column":12},"end":{"line":90,"column":46}},"38":{"start":{"line":93,"column":8},"end":{"line":93,"column":40}},"39":{"start":{"line":97,"column":8},"end":{"line":97,"column":51}},"40":{"start":{"line":101,"column":8},"end":{"line":101,"column":55}},"41":{"start":{"line":105,"column":21},"end":{"line":105,"column":54}},"42":{"start":{"line":106,"column":8},"end":{"line":108,"column":9}},"43":{"start":{"line":107,"column":12},"end":{"line":107,"column":46}},"44":{"start":{"line":110,"column":25},"end":{"line":110,"column":46}},"45":{"start":{"line":111,"column":8},"end":{"line":113,"column":9}},"46":{"start":{"line":112,"column":12},"end":{"line":112,"column":50}},"47":{"start":{"line":115,"column":8},"end":{"line":115,"column":68}},"48":{"start":{"line":4,"column":0},"end":{"line":4,"column":13}},"49":{"start":{"line":119,"column":0},"end":{"line":119,"column":33}}},"fnMap":{"0":{"name":"(anonymous_1)","decl":{"start":{"line":5,"column":4},"end":{"line":5,"column":9}},"loc":{"start":{"line":5,"column":73},"end":{"line":17,"column":5}}},"1":{"name":"(anonymous_2)","decl":{"start":{"line":19,"column":4},"end":{"line":19,"column":9}},"loc":{"start":{"line":19,"column":32},"end":{"line":25,"column":5}}},"2":{"name":"(anonymous_3)","decl":{"start":{"line":27,"column":4},"end":{"line":27,"column":9}},"loc":{"start":{"line":34,"column":5},"end":{"line":47,"column":5}}},"3":{"name":"(anonymous_4)","decl":{"start":{"line":49,"column":4},"end":{"line":49,"column":9}},"loc":{"start":{"line":56,"column":6},"end":{"line":84,"column":5}}},"4":{"name":"(anonymous_5)","decl":{"start":{"line":86,"column":4},"end":{"line":86,"column":9}},"loc":{"start":{"line":86,"column":31},"end":{"line":94,"column":5}}},"5":{"name":"(anonymous_6)","decl":{"start":{"line":96,"column":4},"end":{"line":96,"column":9}},"loc":{"start":{"line":96,"column":22},"end":{"line":98,"column":5}}},"6":{"name":"(anonymous_7)","decl":{"start":{"line":100,"column":4},"end":{"line":100,"column":9}},"loc":{"start":{"line":100,"column":23},"end":{"line":102,"column":5}}},"7":{"name":"(anonymous_8)","decl":{"start":{"line":104,"column":4},"end":{"line":104,"column":9}},"loc":{"start":{"line":104,"column":50},"end":{"line":116,"column":5}}}},"branchMap":{"0":{"loc":{"start":{"line":21,"column":8},"end":{"line":23,"column":9}},"type":"if","locations":[{"start":{"line":21,"column":8},"end":{"line":23,"column":9}},{"start":{},"end":{}}]},"1":{"loc":{"start":{"line":36,"column":8},"end":{"line":38,"column":9}},"type":"if","locations":[{"start":{"line":36,"column":8},"end":{"line":38,"column":9}},{"start":{},"end":{}}]},"2":{"loc":{"start":{"line":41,"column":8},"end":{"line":43,"column":9}},"type":"if","locations":[{"start":{"line":41,"column":8},"end":{"line":43,"column":9}},{"start":{},"end":{}}]},"3":{"loc":{"start":{"line":59,"column":8},"end":{"line":61,"column":9}},"type":"if","locations":[{"start":{"line":59,"column":8},"end":{"line":61,"column":9}},{"start":{},"end":{}}]},"4":{"loc":{"start":{"line":64,"column":8},"end":{"line":66,"column":9}},"type":"if","locations":[{"start":{"line":64,"column":8},"end":{"line":66,"column":9}},{"start":{},"end":{}}]},"5":{"loc":{"start":{"line":64,"column":12},"end":{"line":64,"column":54}},"type":"binary-expr","locations":[{"start":{"line":64,"column":12},"end":{"line":64,"column":36}},{"start":{"line":64,"column":40},"end":{"line":64,"column":54}}]},"6":{"loc":{"start":{"line":69,"column":8},"end":{"line":71,"column":9}},"type":"if","locations":[{"start":{"line":69,"column":8},"end":{"line":71,"column":9}},{"start":{},"end":{}}]},"7":{"loc":{"start":{"line":69,"column":12},"end":{"line":69,"column":55}},"type":"binary-expr","locations":[{"start":{"line":69,"column":12},"end":{"line":69,"column":36}},{"start":{"line":69,"column":40},"end":{"line":69,"column":55}}]},"8":{"loc":{"start":{"line":75,"column":8},"end":{"line":75,"column":65}},"type":"if","locations":[{"start":{"line":75,"column":8},"end":{"line":75,"column":65}},{"start":{},"end":{}}]},"9":{"loc":{"start":{"line":76,"column":8},"end":{"line":76,"column":68}},"type":"if","locations":[{"start":{"line":76,"column":8},"end":{"line":76,"column":68}},{"start":{},"end":{}}]},"10":{"loc":{"start":{"line":77,"column":8},"end":{"line":77,"column":68}},"type":"if","locations":[{"start":{"line":77,"column":8},"end":{"line":77,"column":68}},{"start":{},"end":{}}]},"11":{"loc":{"start":{"line":78,"column":8},"end":{"line":78,"column":68}},"type":"if","locations":[{"start":{"line":78,"column":8},"end":{"line":78,"column":68}},{"start":{},"end":{}}]},"12":{"loc":{"start":{"line":79,"column":8},"end":{"line":79,"column":77}},"type":"if","locations":[{"start":{"line":79,"column":8},"end":{"line":79,"column":77}},{"start":{},"end":{}}]},"13":{"loc":{"start":{"line":80,"column":8},"end":{"line":80,"column":77}},"type":"if","locations":[{"start":{"line":80,"column":8},"end":{"line":80,"column":77}},{"start":{},"end":{}}]},"14":{"loc":{"start":{"line":89,"column":8},"end":{"line":91,"column":9}},"type":"if","locations":[{"start":{"line":89,"column":8},"end":{"line":91,"column":9}},{"start":{},"end":{}}]},"15":{"loc":{"start":{"line":106,"column":8},"end":{"line":108,"column":9}},"type":"if","locations":[{"start":{"line":106,"column":8},"end":{"line":108,"column":9}},{"start":{},"end":{}}]},"16":{"loc":{"start":{"line":111,"column":8},"end":{"line":113,"column":9}},"type":"if","locations":[{"start":{"line":111,"column":8},"end":{"line":113,"column":9}},{"start":{},"end":{}}]}},"s":{"0":2,"1":0,"2":0,"3":0,"4":0,"5":0,"6":0,"7":3,"8":1,"9":2,"10":1,"11":1,"12":1,"13":2,"14":2,"15":1,"16":1,"17":0,"18":1,"19":0,"20":1,"21":1,"22":0,"23":1,"24":0,"25":1,"26":1,"27":1,"28":1,"29":1,"30":0,"31":1,"32":0,"33":1,"34":1,"35":2,"36":2,"37":1,"38":1,"39":0,"40":0,"41":0,"42":0,"43":0,"44":0,"45":0,"46":0,"47":0,"48":2,"49":2},"f":{"0":0,"1":0,"2":3,"3":2,"4":2,"5":0,"6":0,"7":0},"b":{"0":[0,0],"1":[1,2],"2":[1,1],"3":[1,1],"4":[0,1],"5":[1,1],"6":[0,1],"7":[1,1],"8":[0,1],"9":[0,1],"10":[1,0],"11":[1,0],"12":[0,1],"13":[0,1],"14":[1,1],"15":[0,0],"16":[0,0]}}
,"/home/mizanur/github-repo/interview-test-project/Flokq-indonesia/Flokq-home-assignment/src/tests/setup.ts": {"path":"/home/mizanur/github-repo/interview-test-project/Flokq-indonesia/Flokq-home-assignment/src/tests/setup.ts","statementMap":{"0":{"start":{"line":2,"column":0},"end":{"line":2,"column":30}},"1":{"start":{"line":3,"column":0},"end":{"line":3,"column":55}},"2":{"start":{"line":4,"column":0},"end":{"line":4,"column":36}},"3":{"start":{"line":5,"column":0},"end":{"line":5,"column":86}},"4":{"start":{"line":8,"column":0},"end":{"line":8,"column":23}}},"fnMap":{},"branchMap":{},"s":{"0":0,"1":0,"2":0,"3":0,"4":0},"f":{},"b":{}}
,"/home/mizanur/github-repo/interview-test-project/Flokq-indonesia/Flokq-home-assignment/src/tests/mocks/prisma.mock.ts": {"path":"/home/mizanur/github-repo/interview-test-project/Flokq-indonesia/Flokq-home-assignment/src/tests/mocks/prisma.mock.ts","statementMap":{"0":{"start":{"line":28,"column":0},"end":{"line":31,"column":4}},"1":{"start":{"line":28,"column":42},"end":{"line":31,"column":2}},"2":{"start":{"line":1,"column":13},"end":{"line":8,"column":2}},"3":{"start":{"line":10,"column":13},"end":{"line":19,"column":2}},"4":{"start":{"line":21,"column":13},"end":{"line":25,"column":2}}},"fnMap":{"0":{"name":"(anonymous_0)","decl":{"start":{"line":28,"column":35},"end":{"line":28,"column":38}},"loc":{"start":{"line":28,"column":42},"end":{"line":31,"column":2}}}},"branchMap":{},"s":{"0":1,"1":1,"2":1,"3":1,"4":1},"f":{"0":1},"b":{}}
,"/home/mizanur/github-repo/interview-test-project/Flokq-indonesia/Flokq-home-assignment/src/types/index.ts": {"path":"/home/mizanur/github-repo/interview-test-project/Flokq-indonesia/Flokq-home-assignment/src/types/index.ts","statementMap":{"0":{"start":{"line":81,"column":8},"end":{"line":81,"column":23}},"1":{"start":{"line":77,"column":15},"end":{"line":77,"column":33}},"2":{"start":{"line":78,"column":15},"end":{"line":78,"column":30}},"3":{"start":{"line":79,"column":15},"end":{"line":79,"column":28}},"4":{"start":{"line":82,"column":8},"end":{"line":82,"column":31}},"5":{"start":{"line":83,"column":8},"end":{"line":83,"column":56}},"6":{"start":{"line":75,"column":0},"end":{"line":75,"column":13}},"7":{"start":{"line":89,"column":8},"end":{"line":89,"column":48}},"8":{"start":{"line":90,"column":8},"end":{"line":90,"column":38}},"9":{"start":{"line":87,"column":0},"end":{"line":87,"column":13}},"10":{"start":{"line":96,"column":8},"end":{"line":96,"column":41}},"11":{"start":{"line":97,"column":8},"end":{"line":97,"column":36}},"12":{"start":{"line":94,"column":0},"end":{"line":94,"column":13}},"13":{"start":{"line":103,"column":8},"end":{"line":103,"column":44}},"14":{"start":{"line":104,"column":8},"end":{"line":104,"column":40}},"15":{"start":{"line":101,"column":0},"end":{"line":101,"column":13}},"16":{"start":{"line":110,"column":8},"end":{"line":110,"column":40}},"17":{"start":{"line":111,"column":8},"end":{"line":111,"column":36}},"18":{"start":{"line":108,"column":0},"end":{"line":108,"column":13}}},"fnMap":{"0":{"name":"(anonymous_0)","decl":{"start":{"line":76,"column":4},"end":{"line":76,"column":null}},"loc":{"start":{"line":79,"column":28},"end":{"line":84,"column":5}}},"1":{"name":"(anonymous_1)","decl":{"start":{"line":88,"column":4},"end":{"line":88,"column":16}},"loc":{"start":{"line":88,"column":31},"end":{"line":91,"column":5}}},"2":{"name":"(anonymous_2)","decl":{"start":{"line":95,"column":4},"end":{"line":95,"column":16}},"loc":{"start":{"line":95,"column":54},"end":{"line":98,"column":5}}},"3":{"name":"(anonymous_3)","decl":{"start":{"line":102,"column":4},"end":{"line":102,"column":16}},"loc":{"start":{"line":102,"column":48},"end":{"line":105,"column":5}}},"4":{"name":"(anonymous_4)","decl":{"start":{"line":109,"column":4},"end":{"line":109,"column":16}},"loc":{"start":{"line":109,"column":31},"end":{"line":112,"column":5}}}},"branchMap":{"0":{"loc":{"start":{"line":95,"column":16},"end":{"line":95,"column":54}},"type":"default-arg","locations":[{"start":{"line":95,"column":34},"end":{"line":95,"column":54}}]},"1":{"loc":{"start":{"line":102,"column":16},"end":{"line":102,"column":48}},"type":"default-arg","locations":[{"start":{"line":102,"column":34},"end":{"line":102,"column":48}}]}},"s":{"0":3,"1":3,"2":3,"3":3,"4":3,"5":3,"6":1,"7":1,"8":1,"9":1,"10":0,"11":0,"12":1,"13":1,"14":1,"15":1,"16":1,"17":1,"18":1},"f":{"0":3,"1":1,"2":0,"3":1,"4":1},"b":{"0":[0],"1":[0]}}
,"/home/mizanur/github-repo/interview-test-project/Flokq-indonesia/Flokq-home-assignment/src/utils/asyncHandler.ts": {"path":"/home/mizanur/github-repo/interview-test-project/Flokq-indonesia/Flokq-home-assignment/src/utils/asyncHandler.ts","statementMap":{"0":{"start":{"line":3,"column":28},"end":{"line":7,"column":1}},"1":{"start":{"line":4,"column":4},"end":{"line":6,"column":6}},"2":{"start":{"line":5,"column":8},"end":{"line":5,"column":56}},"3":{"start":{"line":3,"column":13},"end":{"line":3,"column":28}}},"fnMap":{"0":{"name":"(anonymous_0)","decl":{"start":{"line":3,"column":28},"end":{"line":3,"column":29}},"loc":{"start":{"line":3,"column":45},"end":{"line":7,"column":1}}},"1":{"name":"(anonymous_1)","decl":{"start":{"line":4,"column":11},"end":{"line":4,"column":12}},"loc":{"start":{"line":4,"column":63},"end":{"line":6,"column":5}}}},"branchMap":{},"s":{"0":0,"1":0,"2":0,"3":0},"f":{"0":0,"1":0},"b":{}}
,"/home/mizanur/github-repo/interview-test-project/Flokq-indonesia/Flokq-home-assignment/src/utils/errorMessages.ts": {"path":"/home/mizanur/github-repo/interview-test-project/Flokq-indonesia/Flokq-home-assignment/src/utils/errorMessages.ts","statementMap":{"0":{"start":{"line":1,"column":13},"end":{"line":20,"column":2}},"1":{"start":{"line":22,"column":13},"end":{"line":33,"column":2}}},"fnMap":{},"branchMap":{},"s":{"0":1,"1":1},"f":{},"b":{}}
,"/home/mizanur/github-repo/interview-test-project/Flokq-indonesia/Flokq-home-assignment/src/utils/logger.ts": {"path":"/home/mizanur/github-repo/interview-test-project/Flokq-indonesia/Flokq-home-assignment/src/utils/logger.ts","statementMap":{"0":{"start":{"line":3,"column":26},"end":{"line":3,"column":50}},"1":{"start":{"line":4,"column":27},"end":{"line":4,"column":67}},"2":{"start":{"line":5,"column":8},"end":{"line":5,"column":67}},"3":{"start":{"line":9,"column":8},"end":{"line":9,"column":63}},"4":{"start":{"line":13,"column":8},"end":{"line":17,"column":12}},"5":{"start":{"line":21,"column":8},"end":{"line":21,"column":64}},"6":{"start":{"line":25,"column":8},"end":{"line":27,"column":9}},"7":{"start":{"line":26,"column":12},"end":{"line":26,"column":70}},"8":{"start":{"line":1,"column":0},"end":{"line":1,"column":13}}},"fnMap":{"0":{"name":"(anonymous_0)","decl":{"start":{"line":2,"column":12},"end":{"line":2,"column":18}},"loc":{"start":{"line":2,"column":75},"end":{"line":6,"column":5}}},"1":{"name":"(anonymous_1)","decl":{"start":{"line":8,"column":4},"end":{"line":8,"column":10}},"loc":{"start":{"line":8,"column":43},"end":{"line":10,"column":5}}},"2":{"name":"(anonymous_2)","decl":{"start":{"line":12,"column":4},"end":{"line":12,"column":10}},"loc":{"start":{"line":12,"column":45},"end":{"line":18,"column":5}}},"3":{"name":"(anonymous_3)","decl":{"start":{"line":20,"column":4},"end":{"line":20,"column":10}},"loc":{"start":{"line":20,"column":43},"end":{"line":22,"column":5}}},"4":{"name":"(anonymous_4)","decl":{"start":{"line":24,"column":4},"end":{"line":24,"column":10}},"loc":{"start":{"line":24,"column":44},"end":{"line":28,"column":5}}}},"branchMap":{"0":{"loc":{"start":{"line":4,"column":27},"end":{"line":4,"column":67}},"type":"cond-expr","locations":[{"start":{"line":4,"column":34},"end":{"line":4,"column":62}},{"start":{"line":4,"column":65},"end":{"line":4,"column":67}}]},"1":{"loc":{"start":{"line":25,"column":8},"end":{"line":27,"column":9}},"type":"if","locations":[{"start":{"line":25,"column":8},"end":{"line":27,"column":9}},{"start":{},"end":{}}]}},"s":{"0":8,"1":8,"2":8,"3":4,"4":3,"5":1,"6":0,"7":0,"8":1},"f":{"0":8,"1":4,"2":3,"3":1,"4":0},"b":{"0":[5,3],"1":[0,0]}}
,"/home/mizanur/github-repo/interview-test-project/Flokq-indonesia/Flokq-home-assignment/src/utils/validation.ts": {"path":"/home/mizanur/github-repo/interview-test-project/Flokq-indonesia/Flokq-home-assignment/src/utils/validation.ts","statementMap":{"0":{"start":{"line":1,"column":0},"end":{"line":1,"column":24}},"1":{"start":{"line":4,"column":13},"end":{"line":8,"column":3}},"2":{"start":{"line":10,"column":13},"end":{"line":13,"column":3}},"3":{"start":{"line":15,"column":13},"end":{"line":18,"column":3}},"4":{"start":{"line":21,"column":13},"end":{"line":28,"column":3}},"5":{"start":{"line":30,"column":13},"end":{"line":37,"column":3}},"6":{"start":{"line":39,"column":13},"end":{"line":41,"column":3}},"7":{"start":{"line":44,"column":13},"end":{"line":51,"column":3}},"8":{"start":{"line":54,"column":13},"end":{"line":56,"column":3}}},"fnMap":{},"branchMap":{},"s":{"0":1,"1":1,"2":1,"3":1,"4":1,"5":1,"6":1,"7":1,"8":1},"f":{},"b":{}}
}
